This is pdfTeX, Version 3.141592653-2.6-1.40.25 (MiKTeX 23.5) (preloaded format=pdflatex 2023.7.1)  25 SEP 2023 18:41
entering extended mode
 restricted \write18 enabled.
 %&-line parsing enabled.
**./main.tex
(main.tex
LaTeX2e <2023-06-01> patch level 1
L3 programming layer <2023-06-16>
(C:\Program Files\MiKTeX\tex/latex/base\report.cls
Document Class: report 2023/05/17 v1.4n Standard LaTeX document class
(C:\Program Files\MiKTeX\tex/latex/base\size12.clo
File: size12.clo 2023/05/17 v1.4n Standard LaTeX file (size option)
)
\c@part=\count185
\c@chapter=\count186
\c@section=\count187
\c@subsection=\count188
\c@subsubsection=\count189
\c@paragraph=\count190
\c@subparagraph=\count191
\c@figure=\count192
\c@table=\count193
\abovecaptionskip=\skip48
\belowcaptionskip=\skip49
\bibindent=\dimen140
)
(C:\Program Files\MiKTeX\tex/generic/babel\babel.sty
Package: babel 2023/05/11 v3.89 The Babel package
\babel@savecnt=\count194
\U@D=\dimen141
\l@unhyphenated=\language79

(C:\Program Files\MiKTeX\tex/generic/babel\txtbabel.def)
\bbl@readstream=\read2
\bbl@dirlevel=\count195

*************************************
* Local config file bblopts.cfg used
*
(C:\Program Files\MiKTeX\tex/latex/arabi\bblopts.cfg
File: bblopts.cfg 2005/09/08 v0.1 add Arabic and Farsi to "declared" options of
 babel
)
(C:\Users\Usuario\AppData\Roaming\MiKTeX\tex/latex/babel-spanish\spanish.ldf
Language: spanish.ldf 2021/05/27 v5.0q Spanish support from the babel system
\es@quottoks=\toks17
\es@quotdepth=\count196
Package babel Info: Making " an active character on input line 570.
Package babel Info: Making . an active character on input line 675.
Package babel Info: Making < an active character on input line 722.
Package babel Info: Making > an active character on input line 722.
))
(C:\Program Files\MiKTeX\tex/generic/babel/locale/es\babel-spanish.tex
Package babel Info: Importing font and identification data for spanish
(babel)             from babel-es.ini. Reported on input line 11.
)
(C:\Program Files\MiKTeX\tex/latex/graphics\graphicx.sty
Package: graphicx 2021/09/16 v1.2d Enhanced LaTeX Graphics (DPC,SPQR)

(C:\Program Files\MiKTeX\tex/latex/graphics\keyval.sty
Package: keyval 2022/05/29 v1.15 key=value parser (DPC)
\KV@toks@=\toks18
)
(C:\Program Files\MiKTeX\tex/latex/graphics\graphics.sty
Package: graphics 2022/03/10 v1.4e Standard LaTeX Graphics (DPC,SPQR)

(C:\Program Files\MiKTeX\tex/latex/graphics\trig.sty
Package: trig 2021/08/11 v1.11 sin cos tan (DPC)
)
(C:\Program Files\MiKTeX\tex/latex/graphics-cfg\graphics.cfg
File: graphics.cfg 2016/06/04 v1.11 sample graphics configuration
)
Package graphics Info: Driver file: pdftex.def on input line 107.

(C:\Program Files\MiKTeX\tex/latex/graphics-def\pdftex.def
File: pdftex.def 2022/09/22 v1.2b Graphics/color driver for pdftex
))
\Gin@req@height=\dimen142
\Gin@req@width=\dimen143
)
(C:\Users\Usuario\AppData\Roaming\MiKTeX\tex/latex/fancyhdr\fancyhdr.sty
Package: fancyhdr 2022/11/09 v4.1 Extensive control of page headers and footers

\f@nch@headwidth=\skip50
\f@nch@O@elh=\skip51
\f@nch@O@erh=\skip52
\f@nch@O@olh=\skip53
\f@nch@O@orh=\skip54
\f@nch@O@elf=\skip55
\f@nch@O@erf=\skip56
\f@nch@O@olf=\skip57
\f@nch@O@orf=\skip58
)
(C:\Users\Usuario\AppData\Roaming\MiKTeX\tex/latex/geometry\geometry.sty
Package: geometry 2020/01/02 v5.9 Page Geometry

(C:\Program Files\MiKTeX\tex/generic/iftex\ifvtex.sty
Package: ifvtex 2019/10/25 v1.7 ifvtex legacy package. Use iftex instead.

(C:\Program Files\MiKTeX\tex/generic/iftex\iftex.sty
Package: iftex 2022/02/03 v1.0f TeX engine tests
))
\Gm@cnth=\count197
\Gm@cntv=\count198
\c@Gm@tempcnt=\count199
\Gm@bindingoffset=\dimen144
\Gm@wd@mp=\dimen145
\Gm@odd@mp=\dimen146
\Gm@even@mp=\dimen147
\Gm@layoutwidth=\dimen148
\Gm@layoutheight=\dimen149
\Gm@layouthoffset=\dimen150
\Gm@layoutvoffset=\dimen151
\Gm@dimlist=\toks19

(C:\Users\Usuario\AppData\Roaming\MiKTeX\tex/latex/geometry\geometry.cfg))
(C:\Program Files\MiKTeX\tex/latex/amsmath\amsmath.sty
Package: amsmath 2023/05/13 v2.17o AMS math features
\@mathmargin=\skip59

For additional information on amsmath, use the `?' option.
(C:\Program Files\MiKTeX\tex/latex/amsmath\amstext.sty
Package: amstext 2021/08/26 v2.01 AMS text

(C:\Program Files\MiKTeX\tex/latex/amsmath\amsgen.sty
File: amsgen.sty 1999/11/30 v2.0 generic functions
\@emptytoks=\toks20
\ex@=\dimen152
))
(C:\Program Files\MiKTeX\tex/latex/amsmath\amsbsy.sty
Package: amsbsy 1999/11/29 v1.2d Bold Symbols
\pmbraise@=\dimen153
)
(C:\Program Files\MiKTeX\tex/latex/amsmath\amsopn.sty
Package: amsopn 2022/04/08 v2.04 operator names
)
\inf@bad=\count266
LaTeX Info: Redefining \frac on input line 234.
\uproot@=\count267
\leftroot@=\count268
LaTeX Info: Redefining \overline on input line 399.
LaTeX Info: Redefining \colon on input line 410.
\classnum@=\count269
\DOTSCASE@=\count270
LaTeX Info: Redefining \ldots on input line 496.
LaTeX Info: Redefining \dots on input line 499.
LaTeX Info: Redefining \cdots on input line 620.
\Mathstrutbox@=\box51
\strutbox@=\box52
LaTeX Info: Redefining \big on input line 722.
LaTeX Info: Redefining \Big on input line 723.
LaTeX Info: Redefining \bigg on input line 724.
LaTeX Info: Redefining \Bigg on input line 725.
\big@size=\dimen154
LaTeX Font Info:    Redeclaring font encoding OML on input line 743.
LaTeX Font Info:    Redeclaring font encoding OMS on input line 744.
\macc@depth=\count271
LaTeX Info: Redefining \bmod on input line 905.
LaTeX Info: Redefining \pmod on input line 910.
LaTeX Info: Redefining \smash on input line 940.
LaTeX Info: Redefining \relbar on input line 970.
LaTeX Info: Redefining \Relbar on input line 971.
\c@MaxMatrixCols=\count272
\dotsspace@=\muskip16
\c@parentequation=\count273
\dspbrk@lvl=\count274
\tag@help=\toks21
\row@=\count275
\column@=\count276
\maxfields@=\count277
\andhelp@=\toks22
\eqnshift@=\dimen155
\alignsep@=\dimen156
\tagshift@=\dimen157
\tagwidth@=\dimen158
\totwidth@=\dimen159
\lineht@=\dimen160
\@envbody=\toks23
\multlinegap=\skip60
\multlinetaggap=\skip61
\mathdisplay@stack=\toks24
LaTeX Info: Redefining \[ on input line 2953.
LaTeX Info: Redefining \] on input line 2954.
)
(C:\Program Files\MiKTeX\tex/latex/amsfonts\amssymb.sty
Package: amssymb 2013/01/14 v3.01 AMS font symbols

(C:\Program Files\MiKTeX\tex/latex/amsfonts\amsfonts.sty
Package: amsfonts 2013/01/14 v3.01 Basic AMSFonts support
\symAMSa=\mathgroup4
\symAMSb=\mathgroup5
LaTeX Font Info:    Redeclaring math symbol \hbar on input line 98.
LaTeX Font Info:    Overwriting math alphabet `\mathfrak' in version `bold'
(Font)                  U/euf/m/n --> U/euf/b/n on input line 106.
))
(C:\Users\Usuario\AppData\Roaming\MiKTeX\tex/latex/amscls\amsthm.sty
Package: amsthm 2020/05/29 v2.20.6
\thm@style=\toks25
\thm@bodyfont=\toks26
\thm@headfont=\toks27
\thm@notefont=\toks28
\thm@headpunct=\toks29
\thm@preskip=\skip62
\thm@postskip=\skip63
\thm@headsep=\skip64
\dth@everypar=\toks30
)
(C:\Program Files\MiKTeX\tex/latex/mathtools\mathtools.sty
Package: mathtools 2022/06/29 v1.29 mathematical typesetting tools

(C:\Program Files\MiKTeX\tex/latex/tools\calc.sty
Package: calc 2017/05/25 v4.3 Infix arithmetic (KKT,FJ)
\calc@Acount=\count278
\calc@Bcount=\count279
\calc@Adimen=\dimen161
\calc@Bdimen=\dimen162
\calc@Askip=\skip65
\calc@Bskip=\skip66
LaTeX Info: Redefining \setlength on input line 80.
LaTeX Info: Redefining \addtolength on input line 81.
\calc@Ccount=\count280
\calc@Cskip=\skip67
)
(C:\Program Files\MiKTeX\tex/latex/mathtools\mhsetup.sty
Package: mhsetup 2021/03/18 v1.4 programming setup (MH)
)
\g_MT_multlinerow_int=\count281
\l_MT_multwidth_dim=\dimen163
\origjot=\skip68
\l_MT_shortvdotswithinadjustabove_dim=\dimen164
\l_MT_shortvdotswithinadjustbelow_dim=\dimen165
\l_MT_above_intertext_sep=\dimen166
\l_MT_below_intertext_sep=\dimen167
\l_MT_above_shortintertext_sep=\dimen168
\l_MT_below_shortintertext_sep=\dimen169
\xmathstrut@box=\box53
\xmathstrut@dim=\dimen170
)
(C:\Program Files\MiKTeX\tex/latex/tools\multicol.sty
Package: multicol 2023/03/30 v1.9f multicolumn formatting (FMi)
\c@tracingmulticols=\count282
\mult@box=\box54
\multicol@leftmargin=\dimen171
\c@unbalance=\count283
\c@collectmore=\count284
\doublecol@number=\count285
\multicoltolerance=\count286
\multicolpretolerance=\count287
\full@width=\dimen172
\page@free=\dimen173
\premulticols=\dimen174
\postmulticols=\dimen175
\multicolsep=\skip69
\multicolbaselineskip=\skip70
\partial@page=\box55
\last@line=\box56
\mc@boxedresult=\box57
\maxbalancingoverflow=\dimen176
\mult@rightbox=\box58
\mult@grightbox=\box59
\mult@firstbox=\box60
\mult@gfirstbox=\box61
\@tempa=\box62
\@tempa=\box63
\@tempa=\box64
\@tempa=\box65
\@tempa=\box66
\@tempa=\box67
\@tempa=\box68
\@tempa=\box69
\@tempa=\box70
\@tempa=\box71
\@tempa=\box72
\@tempa=\box73
\@tempa=\box74
\@tempa=\box75
\@tempa=\box76
\@tempa=\box77
\@tempa=\box78
\@tempa=\box79
\@tempa=\box80
\@tempa=\box81
\@tempa=\box82
\@tempa=\box83
\@tempa=\box84
\@tempa=\box85
\@tempa=\box86
\@tempa=\box87
\@tempa=\box88
\@tempa=\box89
\@tempa=\box90
\@tempa=\box91
\@tempa=\box92
\@tempa=\box93
\@tempa=\box94
\@tempa=\box95
\@tempa=\box96
\@tempa=\box97
\c@minrows=\count288
\c@columnbadness=\count289
\c@finalcolumnbadness=\count290
\last@try=\dimen177
\multicolovershoot=\dimen178
\multicolundershoot=\dimen179
\mult@nat@firstbox=\box98
\colbreak@box=\box99
\mc@col@check@num=\count291
)
(C:\Users\Usuario\AppData\Roaming\MiKTeX\tex/latex/comment\comment.sty
\CommentStream=\write3

Excluding comment 'comment')
(C:\Users\Usuario\AppData\Roaming\MiKTeX\tex/latex/lipsum\lipsum.sty
(C:\Program Files\MiKTeX\tex/latex/l3packages/l3keys2e\l3keys2e.sty
(C:\Program Files\MiKTeX\tex/latex/l3kernel\expl3.sty
Package: expl3 2023-06-16 L3 programming layer (loader) 

(C:\Program Files\MiKTeX\tex/latex/l3backend\l3backend-pdftex.def
File: l3backend-pdftex.def 2023-04-19 L3 backend support: PDF output (pdfTeX)
\l__color_backend_stack_int=\count292
\l__pdf_internal_box=\box100
))
Package: l3keys2e 2023-02-02 LaTeX2e option processing using LaTeX3 keys
)
Package: lipsum 2021-09-20 v2.7 150 paragraphs of Lorem Ipsum dummy text
\g__lipsum_par_int=\count293
\l__lipsum_a_int=\count294
\l__lipsum_b_int=\count295

(C:\Users\Usuario\AppData\Roaming\MiKTeX\tex/latex/lipsum\lipsum.ltd.tex))
(C:\Program Files\MiKTeX\tex/latex/tools\bm.sty
Package: bm 2022/01/05 v1.2f Bold Symbol Support (DPC/FMi)
\symboldoperators=\mathgroup6
\symboldletters=\mathgroup7
\symboldsymbols=\mathgroup8
Package bm Info: No bold for \OMX/cmex/m/n, using \pmb.
Package bm Info: No bold for \U/msa/m/n, using \pmb.
Package bm Info: No bold for \U/msb/m/n, using \pmb.
LaTeX Font Info:    Redeclaring math alphabet \mathbf on input line 149.
)
(C:\Program Files\MiKTeX\tex/latex/enumitem\enumitem.sty
Package: enumitem 2019/06/20 v3.9 Customized lists
\labelindent=\skip71
\enit@outerparindent=\dimen180
\enit@toks=\toks31
\enit@inbox=\box101
\enit@count@id=\count296
\enitdp@description=\count297
)
(C:\Program Files\MiKTeX\tex/latex/xcolor\xcolor.sty
Package: xcolor 2022/06/12 v2.14 LaTeX color extensions (UK)

(C:\Program Files\MiKTeX\tex/latex/graphics-cfg\color.cfg
File: color.cfg 2016/01/02 v1.6 sample color configuration
)
Package xcolor Info: Driver file: pdftex.def on input line 227.

(C:\Program Files\MiKTeX\tex/latex/graphics\mathcolor.ltx)
Package xcolor Info: Model `cmy' substituted by `cmy0' on input line 1353.
Package xcolor Info: Model `hsb' substituted by `rgb' on input line 1357.
Package xcolor Info: Model `RGB' extended on input line 1369.
Package xcolor Info: Model `HTML' substituted by `rgb' on input line 1371.
Package xcolor Info: Model `Hsb' substituted by `hsb' on input line 1372.
Package xcolor Info: Model `tHsb' substituted by `hsb' on input line 1373.
Package xcolor Info: Model `HSB' substituted by `hsb' on input line 1374.
Package xcolor Info: Model `Gray' substituted by `gray' on input line 1375.
Package xcolor Info: Model `wave' substituted by `hsb' on input line 1376.
)
(C:\Program Files\MiKTeX\tex/latex/matlab-prettifier\matlab-prettifier.sty
Package: matlab-prettifier 2014/06/19 v0.3 A package for prettyprinting Matlab 
source code

(C:\Program Files\MiKTeX\tex/latex/base\textcomp.sty
Package: textcomp 2020/02/02 v2.0n Standard LaTeX package
)
(C:\Program Files\MiKTeX\tex/latex/listings\listings.sty
\lst@mode=\count298
\lst@gtempboxa=\box102
\lst@token=\toks32
\lst@length=\count299
\lst@currlwidth=\dimen181
\lst@column=\count300
\lst@pos=\count301
\lst@lostspace=\dimen182
\lst@width=\dimen183
\lst@newlines=\count302
\lst@lineno=\count303
\lst@maxwidth=\dimen184

(C:\Program Files\MiKTeX\tex/latex/listings\lstmisc.sty
File: lstmisc.sty 2023/02/27 1.9 (Carsten Heinz)
\c@lstnumber=\count304
\lst@skipnumbers=\count305
\lst@framebox=\box103
)
(C:\Program Files\MiKTeX\tex/latex/listings\listings.cfg
File: listings.cfg 2023/02/27 1.9 listings configuration
))
Package: listings 2023/02/27 1.9 (Carsten Heinz)
\netBracketCount@mlpr=\count306
\blkLvl@mlpr=\count307
\blkLvlAtClassdef@mlpr=\count308
\emHeight@mlpr=\skip72
\jayDepth@mlpr=\skip73
\sectionRuleOffset@mlpr=\skip74
\toks@mlpr=\toks33
)
(C:\Program Files\MiKTeX\tex/latex/mathtools\empheq.sty
Package: empheq 2017/03/31 v2.15 Emphasizing equations
\l_EQ_equationtype_int=\count309
\l_EQ_alignmentmode_int=\count310
\l_EQ_totalwidth_dim=\dimen185
\l_EQ_displaywidth_dim=\dimen186
\l_EQ_temp_linewidth_dim=\dimen187
\l_EQ_linewidth_dim=\dimen188
\EmphEqdelimitershortfall=\dimen189
\EmphEqdelimiterfactor=\count311
\g_EQ_toptag_height_dim=\dimen190
\g_EQ_bottomtag_depth_dim=\dimen191
\g_EQ_toprow_height_dim=\dimen192
\g_EQ_bottomrow_depth_dim=\dimen193
\g_EQ_widesttag_dim=\dimen194
\EQ_mathdisplay_box=\box104
\EQ_tag_box=\box105
\g_EQ_temprow_int=\count312
)
\c@theorem=\count313
\c@definicion=\count314

(C:\Users\Usuario\AppData\Roaming\MiKTeX\tex/latex/caption\caption.sty
Package: caption 2023/03/12 v3.6j Customizing captions (AR)

(C:\Users\Usuario\AppData\Roaming\MiKTeX\tex/latex/caption\caption3.sty
Package: caption3 2023/03/12 v2.4 caption3 kernel (AR)
\caption@tempdima=\dimen195
\captionmargin=\dimen196
\caption@leftmargin=\dimen197
\caption@rightmargin=\dimen198
\caption@width=\dimen199
\caption@indent=\dimen256
\caption@parindent=\dimen257
\caption@hangindent=\dimen258
Package caption Info: Standard document class detected.
)
\c@caption@flags=\count315
\c@continuedfloat=\count316
Package caption Info: listings package is loaded.
)
(C:\Program Files\MiKTeX\tex/latex/hyperref\hyperref.sty
Package: hyperref 2023-05-16 v7.00y Hypertext links for LaTeX

(C:\Users\Usuario\AppData\Roaming\MiKTeX\tex/generic/ltxcmds\ltxcmds.sty
Package: ltxcmds 2020-05-10 v1.25 LaTeX kernel commands for general use (HO)
)
(C:\Program Files\MiKTeX\tex/generic/pdftexcmds\pdftexcmds.sty
Package: pdftexcmds 2020-06-27 v0.33 Utility functions of pdfTeX for LuaTeX (HO
)

(C:\Users\Usuario\AppData\Roaming\MiKTeX\tex/generic/infwarerr\infwarerr.sty
Package: infwarerr 2019/12/03 v1.5 Providing info/warning/error messages (HO)
)
Package pdftexcmds Info: \pdf@primitive is available.
Package pdftexcmds Info: \pdf@ifprimitive is available.
Package pdftexcmds Info: \pdfdraftmode found.
)
(C:\Users\Usuario\AppData\Roaming\MiKTeX\tex/latex/kvsetkeys\kvsetkeys.sty
Package: kvsetkeys 2022-10-05 v1.19 Key value parser (HO)
)
(C:\Users\Usuario\AppData\Roaming\MiKTeX\tex/generic/kvdefinekeys\kvdefinekeys.
sty
Package: kvdefinekeys 2019-12-19 v1.6 Define keys (HO)
)
(C:\Users\Usuario\AppData\Roaming\MiKTeX\tex/generic/pdfescape\pdfescape.sty
Package: pdfescape 2019/12/09 v1.15 Implements pdfTeX's escape features (HO)
)
(C:\Users\Usuario\AppData\Roaming\MiKTeX\tex/latex/hycolor\hycolor.sty
Package: hycolor 2020-01-27 v1.10 Color options for hyperref/bookmark (HO)
)
(C:\Users\Usuario\AppData\Roaming\MiKTeX\tex/latex/letltxmacro\letltxmacro.sty
Package: letltxmacro 2019/12/03 v1.6 Let assignment for LaTeX macros (HO)
) (C:\Users\Usuario\AppData\Roaming\MiKTeX\tex/latex/auxhook\auxhook.sty
Package: auxhook 2019-12-17 v1.6 Hooks for auxiliary files (HO)
)
(C:\Program Files\MiKTeX\tex/latex/hyperref\nameref.sty
Package: nameref 2023-05-16 v2.51 Cross-referencing by name of section

(C:\Users\Usuario\AppData\Roaming\MiKTeX\tex/latex/refcount\refcount.sty
Package: refcount 2019/12/15 v3.6 Data extraction from label references (HO)
)
(C:\Users\Usuario\AppData\Roaming\MiKTeX\tex/generic/gettitlestring\gettitlestr
ing.sty
Package: gettitlestring 2019/12/15 v1.6 Cleanup title references (HO)

(C:\Users\Usuario\AppData\Roaming\MiKTeX\tex/latex/kvoptions\kvoptions.sty
Package: kvoptions 2022-06-15 v3.15 Key value format for package options (HO)
))
\c@section@level=\count317
)
(C:\Program Files\MiKTeX\tex/latex/etoolbox\etoolbox.sty
Package: etoolbox 2020/10/05 v2.5k e-TeX tools for LaTeX (JAW)
\etb@tempcnta=\count318
)
\@linkdim=\dimen259
\Hy@linkcounter=\count319
\Hy@pagecounter=\count320

(C:\Program Files\MiKTeX\tex/latex/hyperref\pd1enc.def
File: pd1enc.def 2023-05-16 v7.00y Hyperref: PDFDocEncoding definition (HO)
Now handling font encoding PD1 ...
... no UTF-8 mapping file for font encoding PD1
)
(C:\Users\Usuario\AppData\Roaming\MiKTeX\tex/generic/intcalc\intcalc.sty
Package: intcalc 2019/12/15 v1.3 Expandable calculations with integers (HO)
)
\Hy@SavedSpaceFactor=\count321

(C:\Program Files\MiKTeX\tex/latex/hyperref\puenc.def
File: puenc.def 2023-05-16 v7.00y Hyperref: PDF Unicode definition (HO)
Now handling font encoding PU ...
... no UTF-8 mapping file for font encoding PU
)
Package hyperref Info: Hyper figures OFF on input line 4167.
Package hyperref Info: Link nesting OFF on input line 4172.
Package hyperref Info: Hyper index ON on input line 4175.
Package hyperref Info: Plain pages OFF on input line 4182.
Package hyperref Info: Backreferencing OFF on input line 4187.
Package hyperref Info: Implicit mode ON; LaTeX internals redefined.
Package hyperref Info: Bookmarks ON on input line 4434.
\c@Hy@tempcnt=\count322

(C:\Program Files\MiKTeX\tex/latex/url\url.sty
\Urlmuskip=\muskip17
Package: url 2013/09/16  ver 3.4  Verb mode for urls, etc.
)
LaTeX Info: Redefining \url on input line 4772.
\XeTeXLinkMargin=\dimen260

(C:\Users\Usuario\AppData\Roaming\MiKTeX\tex/generic/bitset\bitset.sty
Package: bitset 2019/12/09 v1.3 Handle bit-vector datatype (HO)

(C:\Users\Usuario\AppData\Roaming\MiKTeX\tex/generic/bigintcalc\bigintcalc.sty
Package: bigintcalc 2019/12/15 v1.5 Expandable calculations on big integers (HO
)
))
\Fld@menulength=\count323
\Field@Width=\dimen261
\Fld@charsize=\dimen262
Package hyperref Info: Hyper figures OFF on input line 6051.
Package hyperref Info: Link nesting OFF on input line 6056.
Package hyperref Info: Hyper index ON on input line 6059.
Package hyperref Info: backreferencing OFF on input line 6066.
Package hyperref Info: Link coloring OFF on input line 6071.
Package hyperref Info: Link coloring with OCG OFF on input line 6076.
Package hyperref Info: PDF/A mode OFF on input line 6081.
 (C:\Program Files\MiKTeX\tex/latex/base\atbegshi-ltx.sty
Package: atbegshi-ltx 2021/01/10 v1.0c Emulation of the original atbegshi
package with kernel methods
)
\Hy@abspage=\count324
\c@Item=\count325
\c@Hfootnote=\count326
)
Package hyperref Info: Driver (autodetected): hpdftex.

(C:\Program Files\MiKTeX\tex/latex/hyperref\hpdftex.def
File: hpdftex.def 2023-05-16 v7.00y Hyperref driver for pdfTeX

(C:\Program Files\MiKTeX\tex/latex/base\atveryend-ltx.sty
Package: atveryend-ltx 2020/08/19 v1.0a Emulation of the original atveryend pac
kage
with kernel methods
)
\Fld@listcount=\count327
\c@bookmark@seq@number=\count328

(C:\Users\Usuario\AppData\Roaming\MiKTeX\tex/latex/rerunfilecheck\rerunfilechec
k.sty
Package: rerunfilecheck 2022-07-10 v1.10 Rerun checks for auxiliary files (HO)

(C:\Users\Usuario\AppData\Roaming\MiKTeX\tex/generic/uniquecounter\uniquecounte
r.sty
Package: uniquecounter 2019/12/15 v1.4 Provide unlimited unique counter (HO)
)
Package uniquecounter Info: New unique counter `rerunfilecheck' on input line 2
85.
)
\Hy@SectionHShift=\skip75
)
Package hyperref Info: Option `colorlinks' set `true' on input line 38.
 (C:\Program Files\MiKTeX\tex/latex/base\makeidx.sty
Package: makeidx 2021/10/04 v1.0m Standard LaTeX package
)
\@indexfile=\write4
\openout4 = `main.idx'.


Writing index file main.idx
(C:\Users\Usuario\AppData\Roaming\MiKTeX\tex/latex/tocloft\tocloft.sty
Package: tocloft 2017/08/31 v2.3i parameterised ToC, etc., typesetting
Package tocloft Info: The document has chapter divisions on input line 51.
\cftparskip=\skip76
\cftbeforetoctitleskip=\skip77
\cftaftertoctitleskip=\skip78
\cftbeforepartskip=\skip79
\cftpartnumwidth=\skip80
\cftpartindent=\skip81
\cftbeforechapskip=\skip82
\cftchapindent=\skip83
\cftchapnumwidth=\skip84
\cftbeforesecskip=\skip85
\cftsecindent=\skip86
\cftsecnumwidth=\skip87
\cftbeforesubsecskip=\skip88
\cftsubsecindent=\skip89
\cftsubsecnumwidth=\skip90
\cftbeforesubsubsecskip=\skip91
\cftsubsubsecindent=\skip92
\cftsubsubsecnumwidth=\skip93
\cftbeforeparaskip=\skip94
\cftparaindent=\skip95
\cftparanumwidth=\skip96
\cftbeforesubparaskip=\skip97
\cftsubparaindent=\skip98
\cftsubparanumwidth=\skip99
\cftbeforeloftitleskip=\skip100
\cftafterloftitleskip=\skip101
\cftbeforefigskip=\skip102
\cftfigindent=\skip103
\cftfignumwidth=\skip104
\c@lofdepth=\count329
\c@lotdepth=\count330
\cftbeforelottitleskip=\skip105
\cftafterlottitleskip=\skip106
\cftbeforetabskip=\skip107
\cfttabindent=\skip108
\cfttabnumwidth=\skip109
)
(C:\Users\Usuario\AppData\Roaming\MiKTeX\tex/latex/titlesec\titlesec.sty
Package: titlesec 2021/07/05 v2.14 Sectioning titles
\ttl@box=\box106
\beforetitleunit=\skip110
\aftertitleunit=\skip111
\ttl@plus=\dimen263
\ttl@minus=\dimen264
\ttl@toksa=\toks34
\titlewidth=\dimen265
\titlewidthlast=\dimen266
\titlewidthfirst=\dimen267
)
(main.aux
LaTeX Info: Redefining \. on input line 22.
LaTeX Info: Redefining \% on input line 22.
)
\openout1 = `main.aux'.

LaTeX Font Info:    Checking defaults for OML/cmm/m/it on input line 70.
LaTeX Font Info:    ... okay on input line 70.
LaTeX Font Info:    Checking defaults for OMS/cmsy/m/n on input line 70.
LaTeX Font Info:    ... okay on input line 70.
LaTeX Font Info:    Checking defaults for OT1/cmr/m/n on input line 70.
LaTeX Font Info:    ... okay on input line 70.
LaTeX Font Info:    Checking defaults for T1/cmr/m/n on input line 70.
LaTeX Font Info:    ... okay on input line 70.
LaTeX Font Info:    Checking defaults for TS1/cmr/m/n on input line 70.
LaTeX Font Info:    ... okay on input line 70.
LaTeX Font Info:    Checking defaults for OMX/cmex/m/n on input line 70.
LaTeX Font Info:    ... okay on input line 70.
LaTeX Font Info:    Checking defaults for U/cmr/m/n on input line 70.
LaTeX Font Info:    ... okay on input line 70.
LaTeX Font Info:    Checking defaults for PD1/pdf/m/n on input line 70.
LaTeX Font Info:    ... okay on input line 70.
LaTeX Font Info:    Checking defaults for PU/pdf/m/n on input line 70.
LaTeX Font Info:    ... okay on input line 70.
LaTeX Info: Redefining \. on input line 70.
LaTeX Info: Redefining \% on input line 70.
 (C:\Program Files\MiKTeX\tex/context/base/mkii\supp-pdf.mkii
[Loading MPS to PDF converter (version 2006.09.02).]
\scratchcounter=\count331
\scratchdimen=\dimen268
\scratchbox=\box107
\nofMPsegments=\count332
\nofMParguments=\count333
\everyMPshowfont=\toks35
\MPscratchCnt=\count334
\MPscratchDim=\dimen269
\MPnumerator=\count335
\makeMPintoPDFobject=\count336
\everyMPtoPDFconversion=\toks36
) (C:\Program Files\MiKTeX\tex/latex/epstopdf-pkg\epstopdf-base.sty
Package: epstopdf-base 2020-01-24 v2.11 Base part for package epstopdf
Package epstopdf-base Info: Redefining graphics rule for `.eps' on input line 4
85.

(C:\Program Files\MiKTeX\tex/latex/00miktex\epstopdf-sys.cfg
File: epstopdf-sys.cfg 2021/03/18 v2.0 Configuration of epstopdf for MiKTeX
))
*geometry* driver: auto-detecting
*geometry* detected driver: pdftex
*geometry* verbose mode - [ preamble ] result:
* driver: pdftex
* paper: a4paper
* layout: <same size as paper>
* layoutoffset:(h,v)=(0.0pt,0.0pt)
* modes: 
* h-part:(L,W,R)=(85.35826pt, 426.79135pt, 85.35826pt)
* v-part:(T,H,B)=(71.13188pt, 702.78308pt, 71.13188pt)
* \paperwidth=597.50787pt
* \paperheight=845.04684pt
* \textwidth=426.79135pt
* \textheight=702.78308pt
* \oddsidemargin=13.08827pt
* \evensidemargin=13.08827pt
* \topmargin=-41.59085pt
* \headheight=12.0pt
* \headsep=28.45274pt
* \topskip=12.0pt
* \footskip=30.0pt
* \marginparwidth=35.0pt
* \marginparsep=10.0pt
* \columnsep=10.0pt
* \skip\footins=10.8pt plus 4.0pt minus 2.0pt
* \hoffset=0.0pt
* \voffset=0.0pt
* \mag=1000
* \@twocolumnfalse
* \@twosidefalse
* \@mparswitchfalse
* \@reversemarginfalse
* (1in=72.27pt=25.4mm, 1cm=28.453pt)

\c@lstlisting=\count337
Package caption Info: Begin \AtBeginDocument code.
Package caption Info: hyperref package is loaded.
Package caption Info: End \AtBeginDocument code.
Package hyperref Info: Link coloring ON on input line 70.
(main.out) (main.out)
\@outlinefile=\write5
\openout5 = `main.out'.

LaTeX Font Info:    Trying to load font information for U+msa on input line 74.

 (C:\Program Files\MiKTeX\tex/latex/amsfonts\umsa.fd
File: umsa.fd 2013/01/14 v3.01 AMS symbols A
)
LaTeX Font Info:    Trying to load font information for U+msb on input line 74.


(C:\Program Files\MiKTeX\tex/latex/amsfonts\umsb.fd
File: umsb.fd 2013/01/14 v3.01 AMS symbols B
)
<b.png, id=67, 657.45625pt x 602.25pt>
File: b.png Graphic file (type png)
<use b.png>
Package pdftex.def Info: b.png  used on input line 75.
(pdftex.def)             Requested size: 85.35826pt x 78.18497pt.
<a.png, id=69, 208.1376pt x 190.7928pt>
File: a.png Graphic file (type png)
<use a.png>
Package pdftex.def Info: a.png  used on input line 84.
(pdftex.def)             Requested size: 85.35826pt x 78.24591pt.
 [1

{C:/Users/Usuario/AppData/Local/MiKTeX/fonts/map/pdftex/pdftex.map} <./b.png> <
./a.png>]
pdfTeX warning (ext4): destination with the same identifier (name{page.1}) has 
been already used, duplicate ignored
<to be read again> 
                   \relax 
l.111 	\newpage
                [1

]

Package fancyhdr Warning: \headheight is too small (12.0pt): 
(fancyhdr)                Make it at least 14.0pt, for example:
(fancyhdr)                \setlength{\headheight}{14.0pt}.
(fancyhdr)                You might also make \topmargin smaller to compensate:

(fancyhdr)                \addtolength{\topmargin}{-2.0pt}.

[2] (main.toc
LaTeX Info: Redefining \. on input line 1.
LaTeX Info: Redefining \% on input line 1.
)
\tf@toc=\write6
\openout6 = `main.toc'.

 [3]
Cap\'{\i }tulo 1.
[4

]
Cap\'{\i }tulo 2.
<-RLCM.png, id=114, 731.73375pt x 411.78844pt>
File: -RLCM.png Graphic file (type png)
<use -RLCM.png>
Package pdftex.def Info: -RLCM.png  used on input line 145.
(pdftex.def)             Requested size: 298.75264pt x 168.12431pt.
[5

 <./-RLCM.png>]
<NIC_B.jpg, id=124, 682.55pt x 1197.47375pt>
File: NIC_B.jpg Graphic file (type jpg)
<use NIC_B.jpg>
Package pdftex.def Info: NIC_B.jpg  used on input line 160.
(pdftex.def)             Requested size: 277.41176pt x 486.69177pt.
LaTeX Info: Redefining \. on input line 165.
LaTeX Info: Redefining \% on input line 165.


Package fancyhdr Warning: \headheight is too small (12.0pt): 
(fancyhdr)                Make it at least 15.56668pt, for example:
(fancyhdr)                \setlength{\headheight}{15.56668pt}.
(fancyhdr)                You might also make \topmargin smaller to compensate:

(fancyhdr)                \addtolength{\topmargin}{-3.56668pt}.

[6 <./NIC_B.jpg>]
<demotracion_NIC.png, id=132, 642.90187pt x 443.40656pt>
File: demotracion_NIC.png Graphic file (type png)
<use demotracion_NIC.png>
Package pdftex.def Info: demotracion_NIC.png  used on input line 172.
(pdftex.def)             Requested size: 208.39568pt x 143.72653pt.


Package caption Warning: The option `hypcap=true' will be ignored for this
(caption)                particular \caption on input line 173.
See the caption package documentation for explanation.

LaTeX Info: Redefining \. on input line 225.
LaTeX Info: Redefining \% on input line 225.

Package fancyhdr Warning: \headheight is too small (12.0pt): 
(fancyhdr)                Make it at least 15.56668pt, for example:
(fancyhdr)                \setlength{\headheight}{15.56668pt}.
(fancyhdr)                You might also make \topmargin smaller to compensate:

(fancyhdr)                \addtolength{\topmargin}{-3.56668pt}.

[7 <./demotracion_NIC.png>]
LaTeX Info: Redefining \. on input line 280.
LaTeX Info: Redefining \% on input line 280.


Package fancyhdr Warning: \headheight is too small (12.0pt): 
(fancyhdr)                Make it at least 15.56668pt, for example:
(fancyhdr)                \setlength{\headheight}{15.56668pt}.
(fancyhdr)                You might also make \topmargin smaller to compensate:

(fancyhdr)                \addtolength{\topmargin}{-3.56668pt}.

[8]
<mem1.jpg, id=182, 144.54pt x 128.3997pt>
File: mem1.jpg Graphic file (type jpg)
<use mem1.jpg>
Package pdftex.def Info: mem1.jpg  used on input line 286.
(pdftex.def)             Requested size: 320.0935pt x 284.36497pt.
LaTeX Info: Redefining \. on input line 298.
LaTeX Info: Redefining \% on input line 298.


Package fancyhdr Warning: \headheight is too small (12.0pt): 
(fancyhdr)                Make it at least 15.56668pt, for example:
(fancyhdr)                \setlength{\headheight}{15.56668pt}.
(fancyhdr)                You might also make \topmargin smaller to compensate:

(fancyhdr)                \addtolength{\topmargin}{-3.56668pt}.

[9 <./mem1.jpg>]
<schmem.jpg, id=198, 1145.78062pt x 407.27156pt>
File: schmem.jpg Graphic file (type jpg)
<use schmem.jpg>
Package pdftex.def Info: schmem.jpg  used on input line 325.
(pdftex.def)             Requested size: 426.79135pt x 151.70728pt.
LaTeX Info: Redefining \. on input line 339.
LaTeX Info: Redefining \% on input line 339.


Package fancyhdr Warning: \headheight is too small (12.0pt): 
(fancyhdr)                Make it at least 15.56668pt, for example:
(fancyhdr)                \setlength{\headheight}{15.56668pt}.
(fancyhdr)                You might also make \topmargin smaller to compensate:

(fancyhdr)                \addtolength{\topmargin}{-3.56668pt}.

[10 <./schmem.jpg>]
<iv_chua.jpg, id=218, 682.83105pt x 838.45245pt>
File: iv_chua.jpg Graphic file (type jpg)
<use iv_chua.jpg>
Package pdftex.def Info: iv_chua.jpg  used on input line 345.
(pdftex.def)             Requested size: 362.77525pt x 445.45236pt.
 Excluding 'comment' comment.
LaTeX Info: Redefining \. on input line 357.
LaTeX Info: Redefining \% on input line 357.


Package fancyhdr Warning: \headheight is too small (12.0pt): 
(fancyhdr)                Make it at least 15.56668pt, for example:
(fancyhdr)                \setlength{\headheight}{15.56668pt}.
(fancyhdr)                You might also make \topmargin smaller to compensate:

(fancyhdr)                \addtolength{\topmargin}{-3.56668pt}.

[11 <./iv_chua.jpg>]
<circuito.png, id=227, 651.93562pt x 371.88937pt>
File: circuito.png Graphic file (type png)
<use circuito.png>
Package pdftex.def Info: circuito.png  used on input line 365.
(pdftex.def)             Requested size: 341.43437pt x 194.77385pt.
LaTeX Info: Redefining \. on input line 402.
LaTeX Info: Redefining \% on input line 402.


Package fancyhdr Warning: \headheight is too small (12.0pt): 
(fancyhdr)                Make it at least 15.56668pt, for example:
(fancyhdr)                \setlength{\headheight}{15.56668pt}.
(fancyhdr)                You might also make \topmargin smaller to compensate:

(fancyhdr)                \addtolength{\topmargin}{-3.56668pt}.

[12 <./circuito.png>]
LaTeX Info: Redefining \. on input line 476.
LaTeX Info: Redefining \% on input line 476.


Package fancyhdr Warning: \headheight is too small (12.0pt): 
(fancyhdr)                Make it at least 15.56668pt, for example:
(fancyhdr)                \setlength{\headheight}{15.56668pt}.
(fancyhdr)                You might also make \topmargin smaller to compensate:

(fancyhdr)                \addtolength{\topmargin}{-3.56668pt}.

[13]
LaTeX Info: Redefining \. on input line 501.
LaTeX Info: Redefining \% on input line 501.


Package fancyhdr Warning: \headheight is too small (12.0pt): 
(fancyhdr)                Make it at least 15.56668pt, for example:
(fancyhdr)                \setlength{\headheight}{15.56668pt}.
(fancyhdr)                You might also make \topmargin smaller to compensate:

(fancyhdr)                \addtolength{\topmargin}{-3.56668pt}.

[14]
Overfull \hbox (0.70291pt too wide) in paragraph at lines 504--505
\OT1/cmr/m/n/12 A con-ti-nua-ci^^Son de-fi-ni-mos el con-cep-to de su-per-fi-ci
e in-va-rian-te pa-ra un sis-te-ma din^^Sami-
 []

<esfera.jpg, id=276, 922.44624pt x 706.64pt>
File: esfera.jpg Graphic file (type jpg)
<use esfera.jpg>
Package pdftex.def Info: esfera.jpg  used on input line 520.
(pdftex.def)             Requested size: 426.79135pt x 326.94527pt.
LaTeX Info: Redefining \. on input line 524.
LaTeX Info: Redefining \% on input line 524.

Package fancyhdr Warning: \headheight is too small (12.0pt): 
(fancyhdr)                Make it at least 15.56668pt, for example:
(fancyhdr)                \setlength{\headheight}{15.56668pt}.
(fancyhdr)                You might also make \topmargin smaller to compensate:

(fancyhdr)                \addtolength{\topmargin}{-3.56668pt}.

[15 <./esfera.jpg>]
LaTeX Info: Redefining \. on input line 551.
LaTeX Info: Redefining \% on input line 551.


Package fancyhdr Warning: \headheight is too small (12.0pt): 
(fancyhdr)                Make it at least 15.56668pt, for example:
(fancyhdr)                \setlength{\headheight}{15.56668pt}.
(fancyhdr)                You might also make \topmargin smaller to compensate:

(fancyhdr)                \addtolength{\topmargin}{-3.56668pt}.

[16]
LaTeX Info: Redefining \. on input line 639.
LaTeX Info: Redefining \% on input line 639.


Package fancyhdr Warning: \headheight is too small (12.0pt): 
(fancyhdr)                Make it at least 15.56668pt, for example:
(fancyhdr)                \setlength{\headheight}{15.56668pt}.
(fancyhdr)                You might also make \topmargin smaller to compensate:

(fancyhdr)                \addtolength{\topmargin}{-3.56668pt}.

[17] Excluding 'comment' comment. Excluding 'comment' comment.
LaTeX Info: Redefining \. on input line 670.
LaTeX Info: Redefining \% on input line 670.


Package fancyhdr Warning: \headheight is too small (12.0pt): 
(fancyhdr)                Make it at least 15.56668pt, for example:
(fancyhdr)                \setlength{\headheight}{15.56668pt}.
(fancyhdr)                You might also make \topmargin smaller to compensate:

(fancyhdr)                \addtolength{\topmargin}{-3.56668pt}.

[18]
Cap\'{\i }tulo 3.
[19

]
LaTeX Info: Redefining \. on input line 767.
LaTeX Info: Redefining \% on input line 767.


Package fancyhdr Warning: \headheight is too small (12.0pt): 
(fancyhdr)                Make it at least 15.56668pt, for example:
(fancyhdr)                \setlength{\headheight}{15.56668pt}.
(fancyhdr)                You might also make \topmargin smaller to compensate:

(fancyhdr)                \addtolength{\topmargin}{-3.56668pt}.

[20]
LaTeX Info: Redefining \. on input line 770.
LaTeX Info: Redefining \% on input line 770.


Package fancyhdr Warning: \headheight is too small (12.0pt): 
(fancyhdr)                Make it at least 15.56668pt, for example:
(fancyhdr)                \setlength{\headheight}{15.56668pt}.
(fancyhdr)                You might also make \topmargin smaller to compensate:

(fancyhdr)                \addtolength{\topmargin}{-3.56668pt}.

[21]
LaTeX Info: Redefining \. on input line 839.
LaTeX Info: Redefining \% on input line 839.


Package fancyhdr Warning: \headheight is too small (12.0pt): 
(fancyhdr)                Make it at least 15.56668pt, for example:
(fancyhdr)                \setlength{\headheight}{15.56668pt}.
(fancyhdr)                You might also make \topmargin smaller to compensate:

(fancyhdr)                \addtolength{\topmargin}{-3.56668pt}.

[22]
LaTeX Info: Redefining \. on input line 912.
LaTeX Info: Redefining \% on input line 912.


Package fancyhdr Warning: \headheight is too small (12.0pt): 
(fancyhdr)                Make it at least 15.56668pt, for example:
(fancyhdr)                \setlength{\headheight}{15.56668pt}.
(fancyhdr)                You might also make \topmargin smaller to compensate:

(fancyhdr)                \addtolength{\topmargin}{-3.56668pt}.

[23]
Underfull \hbox (badness 10000) in paragraph at lines 914--915

 []

Package epstopdf Info: Source file: <estable.eps>
(epstopdf)                    date: 2023-09-13 22:58:37
(epstopdf)                    size: 316198 bytes
(epstopdf)             Output file: <estable-eps-converted-to.pdf>
(epstopdf)                    date: 2023-09-13 23:25:37
(epstopdf)                    size: 103873 bytes
(epstopdf)             Command: <miktex-epstopdf --outfile=estable-eps-converte
d-to.pdf estable.eps>
(epstopdf)             \includegraphics on input line 924.
Package epstopdf Info: Output file is already uptodate.


pdfTeX warning: pdflatex.exe (file ./estable-eps-converted-to.pdf): PDF inclusi
on: found PDF version <1.7>, but at most version <1.5> allowed
<estable-eps-converted-to.pdf, id=380, 821.0675pt x 378.41376pt>
File: estable-eps-converted-to.pdf Graphic file (type pdf)
<use estable-eps-converted-to.pdf>
Package pdftex.def Info: estable-eps-converted-to.pdf  used on input line 924.
(pdftex.def)             Requested size: 426.79135pt x 196.69543pt.
LaTeX Info: Redefining \. on input line 940.
LaTeX Info: Redefining \% on input line 940.

Package fancyhdr Warning: \headheight is too small (12.0pt): 
(fancyhdr)                Make it at least 15.56668pt, for example:
(fancyhdr)                \setlength{\headheight}{15.56668pt}.
(fancyhdr)                You might also make \topmargin smaller to compensate:

(fancyhdr)                \addtolength{\topmargin}{-3.56668pt}.

[24 <./estable-eps-converted-to.pdf>]
Underfull \hbox (badness 10000) in paragraph at lines 942--943

 []

Package epstopdf Info: Source file: <inestable.eps>
(epstopdf)                    date: 2023-09-13 22:59:41
(epstopdf)                    size: 288047 bytes
(epstopdf)             Output file: <inestable-eps-converted-to.pdf>
(epstopdf)                    date: 2023-09-13 22:59:51
(epstopdf)                    size: 93269 bytes
(epstopdf)             Command: <miktex-epstopdf --outfile=inestable-eps-conver
ted-to.pdf inestable.eps>
(epstopdf)             \includegraphics on input line 952.
Package epstopdf Info: Output file is already uptodate.


pdfTeX warning: pdflatex.exe (file ./inestable-eps-converted-to.pdf): PDF inclu
sion: found PDF version <1.7>, but at most version <1.5> allowed
<inestable-eps-converted-to.pdf, id=395, 821.0675pt x 378.41376pt>
File: inestable-eps-converted-to.pdf Graphic file (type pdf)
<use inestable-eps-converted-to.pdf>
Package pdftex.def Info: inestable-eps-converted-to.pdf  used on input line 952
.
(pdftex.def)             Requested size: 426.79135pt x 196.69543pt.
LaTeX Info: Redefining \. on input line 968.
LaTeX Info: Redefining \% on input line 968.

Package fancyhdr Warning: \headheight is too small (12.0pt): 
(fancyhdr)                Make it at least 15.56668pt, for example:
(fancyhdr)                \setlength{\headheight}{15.56668pt}.
(fancyhdr)                You might also make \topmargin smaller to compensate:

(fancyhdr)                \addtolength{\topmargin}{-3.56668pt}.

[25 <./inestable-eps-converted-to.pdf>]
Underfull \hbox (badness 10000) in paragraph at lines 970--971

 []

Package epstopdf Info: Source file: <centro.eps>
(epstopdf)                    date: 2023-09-13 23:00:50
(epstopdf)                    size: 366337 bytes
(epstopdf)             Output file: <centro-eps-converted-to.pdf>
(epstopdf)                    date: 2023-09-13 23:25:38
(epstopdf)                    size: 128605 bytes
(epstopdf)             Command: <miktex-epstopdf --outfile=centro-eps-converted
-to.pdf centro.eps>
(epstopdf)             \includegraphics on input line 980.
Package epstopdf Info: Output file is already uptodate.


pdfTeX warning: pdflatex.exe (file ./centro-eps-converted-to.pdf): PDF inclusio
n: found PDF version <1.7>, but at most version <1.5> allowed
<centro-eps-converted-to.pdf, id=407, 821.0675pt x 378.41376pt>
File: centro-eps-converted-to.pdf Graphic file (type pdf)
<use centro-eps-converted-to.pdf>
Package pdftex.def Info: centro-eps-converted-to.pdf  used on input line 980.
(pdftex.def)             Requested size: 426.79135pt x 196.69543pt.
LaTeX Info: Redefining \. on input line 996.
LaTeX Info: Redefining \% on input line 996.

Package fancyhdr Warning: \headheight is too small (12.0pt): 
(fancyhdr)                Make it at least 15.56668pt, for example:
(fancyhdr)                \setlength{\headheight}{15.56668pt}.
(fancyhdr)                You might also make \topmargin smaller to compensate:

(fancyhdr)                \addtolength{\topmargin}{-3.56668pt}.

[26 <./centro-eps-converted-to.pdf>]
Underfull \hbox (badness 10000) in paragraph at lines 1023--1024

 []

LaTeX Info: Redefining \. on input line 1068.
LaTeX Info: Redefining \% on input line 1068.

Package fancyhdr Warning: \headheight is too small (12.0pt): 
(fancyhdr)                Make it at least 15.56668pt, for example:
(fancyhdr)                \setlength{\headheight}{15.56668pt}.
(fancyhdr)                You might also make \topmargin smaller to compensate:

(fancyhdr)                \addtolength{\topmargin}{-3.56668pt}.

[27]
LaTeX Info: Redefining \. on input line 1151.
LaTeX Info: Redefining \% on input line 1151.


Package fancyhdr Warning: \headheight is too small (12.0pt): 
(fancyhdr)                Make it at least 15.56668pt, for example:
(fancyhdr)                \setlength{\headheight}{15.56668pt}.
(fancyhdr)                You might also make \topmargin smaller to compensate:

(fancyhdr)                \addtolength{\topmargin}{-3.56668pt}.

[28]
Overfull \hbox (11.53699pt too wide) detected at line 1232
[][][][] \OT1/cmr/m/n/12 = []
 []

LaTeX Info: Redefining \. on input line 1252.
LaTeX Info: Redefining \% on input line 1252.

Package fancyhdr Warning: \headheight is too small (12.0pt): 
(fancyhdr)                Make it at least 15.56668pt, for example:
(fancyhdr)                \setlength{\headheight}{15.56668pt}.
(fancyhdr)                You might also make \topmargin smaller to compensate:

(fancyhdr)                \addtolength{\topmargin}{-3.56668pt}.

[29]
Underfull \hbox (badness 10000) in paragraph at lines 1298--1299

 []

LaTeX Info: Redefining \. on input line 1329.
LaTeX Info: Redefining \% on input line 1329.

Package fancyhdr Warning: \headheight is too small (12.0pt): 
(fancyhdr)                Make it at least 15.56668pt, for example:
(fancyhdr)                \setlength{\headheight}{15.56668pt}.
(fancyhdr)                You might also make \topmargin smaller to compensate:

(fancyhdr)                \addtolength{\topmargin}{-3.56668pt}.

[30]
LaTeX Info: Redefining \. on input line 1401.
LaTeX Info: Redefining \% on input line 1401.


Package fancyhdr Warning: \headheight is too small (12.0pt): 
(fancyhdr)                Make it at least 15.56668pt, for example:
(fancyhdr)                \setlength{\headheight}{15.56668pt}.
(fancyhdr)                You might also make \topmargin smaller to compensate:

(fancyhdr)                \addtolength{\topmargin}{-3.56668pt}.

[31]
LaTeX Info: Redefining \. on input line 1460.
LaTeX Info: Redefining \% on input line 1460.


Package fancyhdr Warning: \headheight is too small (12.0pt): 
(fancyhdr)                Make it at least 15.56668pt, for example:
(fancyhdr)                \setlength{\headheight}{15.56668pt}.
(fancyhdr)                You might also make \topmargin smaller to compensate:

(fancyhdr)                \addtolength{\topmargin}{-3.56668pt}.

[32]
Cap\'{\i }tulo 4.

Underfull \hbox (badness 10000) in paragraph at lines 1464--1465

 []

<aplipoincare2.jpg, id=502, 574.145pt x 533.995pt>
File: aplipoincare2.jpg Graphic file (type jpg)
<use aplipoincare2.jpg>
Package pdftex.def Info: aplipoincare2.jpg  used on input line 1468.
(pdftex.def)             Requested size: 341.43437pt x 317.56393pt.
[33

 <./aplipoincare2.jpg>]
<poincaLR.jpg, id=510, 1204.5pt x 891.33pt>
File: poincaLR.jpg Graphic file (type jpg)
<use poincaLR.jpg>
Package pdftex.def Info: poincaLR.jpg  used on input line 1480.
(pdftex.def)             Requested size: 384.1096pt x 284.23859pt.
LaTeX Info: Redefining \. on input line 1502.
LaTeX Info: Redefining \% on input line 1502.


Package fancyhdr Warning: \headheight is too small (12.0pt): 
(fancyhdr)                Make it at least 15.56668pt, for example:
(fancyhdr)                \setlength{\headheight}{15.56668pt}.
(fancyhdr)                You might also make \topmargin smaller to compensate:

(fancyhdr)                \addtolength{\topmargin}{-3.56668pt}.

[34 <./poincaLR.jpg>]
LaTeX Info: Redefining \. on input line 1523.
LaTeX Info: Redefining \% on input line 1523.


Package fancyhdr Warning: \headheight is too small (12.0pt): 
(fancyhdr)                Make it at least 15.56668pt, for example:
(fancyhdr)                \setlength{\headheight}{15.56668pt}.
(fancyhdr)                You might also make \topmargin smaller to compensate:

(fancyhdr)                \addtolength{\topmargin}{-3.56668pt}.

[35]
<semiL.jpg, id=532, 537.00626pt x 762.85pt>
File: semiL.jpg Graphic file (type jpg)
<use semiL.jpg>
Package pdftex.def Info: semiL.jpg  used on input line 1530.
(pdftex.def)             Requested size: 256.07741pt x 363.76598pt.
LaTeX Info: Redefining \. on input line 1549.
LaTeX Info: Redefining \% on input line 1549.


Package fancyhdr Warning: \headheight is too small (12.0pt): 
(fancyhdr)                Make it at least 15.56668pt, for example:
(fancyhdr)                \setlength{\headheight}{15.56668pt}.
(fancyhdr)                You might also make \topmargin smaller to compensate:

(fancyhdr)                \addtolength{\topmargin}{-3.56668pt}.

[36 <./semiL.jpg>]
<semiR.jpg, id=542, 534.99875pt x 779.91376pt>
File: semiR.jpg Graphic file (type jpg)
<use semiR.jpg>
Package pdftex.def Info: semiR.jpg  used on input line 1553.
(pdftex.def)             Requested size: 256.07741pt x 373.31902pt.
LaTeX Info: Redefining \. on input line 1573.
LaTeX Info: Redefining \% on input line 1573.


Package fancyhdr Warning: \headheight is too small (12.0pt): 
(fancyhdr)                Make it at least 15.56668pt, for example:
(fancyhdr)                \setlength{\headheight}{15.56668pt}.
(fancyhdr)                You might also make \topmargin smaller to compensate:

(fancyhdr)                \addtolength{\topmargin}{-3.56668pt}.

[37 <./semiR.jpg>]
LaTeX Info: Redefining \. on input line 1598.
LaTeX Info: Redefining \% on input line 1598.


Package fancyhdr Warning: \headheight is too small (12.0pt): 
(fancyhdr)                Make it at least 15.56668pt, for example:
(fancyhdr)                \setlength{\headheight}{15.56668pt}.
(fancyhdr)                You might also make \topmargin smaller to compensate:

(fancyhdr)                \addtolength{\topmargin}{-3.56668pt}.

[38]
LaTeX Info: Redefining \. on input line 1669.
LaTeX Info: Redefining \% on input line 1669.


Package fancyhdr Warning: \headheight is too small (12.0pt): 
(fancyhdr)                Make it at least 15.56668pt, for example:
(fancyhdr)                \setlength{\headheight}{15.56668pt}.
(fancyhdr)                You might also make \topmargin smaller to compensate:

(fancyhdr)                \addtolength{\topmargin}{-3.56668pt}.

[39]
<aplipoincareLR.jpg, id=574, 846.16125pt x 874.26625pt>
File: aplipoincareLR.jpg Graphic file (type jpg)
<use aplipoincareLR.jpg>
Package pdftex.def Info: aplipoincareLR.jpg  used on input line 1673.
(pdftex.def)             Requested size: 426.79135pt x 440.9607pt.
LaTeX Info: Redefining \. on input line 1678.
LaTeX Info: Redefining \% on input line 1678.


Package fancyhdr Warning: \headheight is too small (12.0pt): 
(fancyhdr)                Make it at least 15.56668pt, for example:
(fancyhdr)                \setlength{\headheight}{15.56668pt}.
(fancyhdr)                You might also make \topmargin smaller to compensate:

(fancyhdr)                \addtolength{\topmargin}{-3.56668pt}.

[40 <./aplipoincareLR.jpg>]
<aplipoincareL-R.jpg, id=579, 846.16125pt x 874.26625pt>
File: aplipoincareL-R.jpg Graphic file (type jpg)
<use aplipoincareL-R.jpg>
Package pdftex.def Info: aplipoincareL-R.jpg  used on input line 1682.
(pdftex.def)             Requested size: 426.79135pt x 440.9607pt.
LaTeX Info: Redefining \. on input line 1687.
LaTeX Info: Redefining \% on input line 1687.


Package fancyhdr Warning: \headheight is too small (12.0pt): 
(fancyhdr)                Make it at least 15.56668pt, for example:
(fancyhdr)                \setlength{\headheight}{15.56668pt}.
(fancyhdr)                You might also make \topmargin smaller to compensate:

(fancyhdr)                \addtolength{\topmargin}{-3.56668pt}.

[41 <./aplipoincareL-R.jpg>]
<aplipoincareLRcerrado.jpg, id=584, 846.16125pt x 874.26625pt>
File: aplipoincareLRcerrado.jpg Graphic file (type jpg)
<use aplipoincareLRcerrado.jpg>
Package pdftex.def Info: aplipoincareLRcerrado.jpg  used on input line 1691.
(pdftex.def)             Requested size: 426.79135pt x 440.9607pt.
LaTeX Info: Redefining \. on input line 1696.
LaTeX Info: Redefining \% on input line 1696.


Package fancyhdr Warning: \headheight is too small (12.0pt): 
(fancyhdr)                Make it at least 15.56668pt, for example:
(fancyhdr)                \setlength{\headheight}{15.56668pt}.
(fancyhdr)                You might also make \topmargin smaller to compensate:

(fancyhdr)                \addtolength{\topmargin}{-3.56668pt}.

[42 <./aplipoincareLRcerrado.jpg>]
<aplipoincareL-Rcerrado.jpg, id=590, 846.16125pt x 874.26625pt>
File: aplipoincareL-Rcerrado.jpg Graphic file (type jpg)
<use aplipoincareL-Rcerrado.jpg>
Package pdftex.def Info: aplipoincareL-Rcerrado.jpg  used on input line 1700.
(pdftex.def)             Requested size: 426.79135pt x 440.9607pt.
LaTeX Info: Redefining \. on input line 1705.
LaTeX Info: Redefining \% on input line 1705.


Package fancyhdr Warning: \headheight is too small (12.0pt): 
(fancyhdr)                Make it at least 15.56668pt, for example:
(fancyhdr)                \setlength{\headheight}{15.56668pt}.
(fancyhdr)                You might also make \topmargin smaller to compensate:

(fancyhdr)                \addtolength{\topmargin}{-3.56668pt}.

[43 <./aplipoincareL-Rcerrado.jpg>]
<graficaejemplo.jpg, id=598, 1018.80624pt x 841.1425pt>
File: graficaejemplo.jpg Graphic file (type jpg)
<use graficaejemplo.jpg>
Package pdftex.def Info: graficaejemplo.jpg  used on input line 1759.
(pdftex.def)             Requested size: 341.43437pt x 281.89037pt.
LaTeX Info: Redefining \. on input line 1764.
LaTeX Info: Redefining \% on input line 1764.


Package fancyhdr Warning: \headheight is too small (12.0pt): 
(fancyhdr)                Make it at least 15.56668pt, for example:
(fancyhdr)                \setlength{\headheight}{15.56668pt}.
(fancyhdr)                You might also make \topmargin smaller to compensate:

(fancyhdr)                \addtolength{\topmargin}{-3.56668pt}.

[44 <./graficaejemplo.jpg>]
Package hyperref Info: bookmark level for unknown lstlisting defaults to 0 on i
nput line 1768.
 (Ejemplo_1.m) (cwejem1.m) (semipoinca.m)
LaTeX Info: Redefining \. on input line 1775.
LaTeX Info: Redefining \% on input line 1775.


Package fancyhdr Warning: \headheight is too small (12.0pt): 
(fancyhdr)                Make it at least 15.56668pt, for example:
(fancyhdr)                \setlength{\headheight}{15.56668pt}.
(fancyhdr)                You might also make \topmargin smaller to compensate:

(fancyhdr)                \addtolength{\topmargin}{-3.56668pt}.

[45]
LaTeX Info: Redefining \. on input line 1802.
LaTeX Info: Redefining \% on input line 1802.


Package fancyhdr Warning: \headheight is too small (12.0pt): 
(fancyhdr)                Make it at least 15.56668pt, for example:
(fancyhdr)                \setlength{\headheight}{15.56668pt}.
(fancyhdr)                You might also make \topmargin smaller to compensate:

(fancyhdr)                \addtolength{\topmargin}{-3.56668pt}.

[46] (Ejemplo_2.m
LaTeX Font Info:    Trying to load font information for TS1+cmtt on input line 
7.
 (C:\Program Files\MiKTeX\tex/latex/base\ts1cmtt.fd
File: ts1cmtt.fd 2023/04/13 v2.5m Standard LaTeX font definitions
))
LaTeX Info: Redefining \. on input line 1809.
LaTeX Info: Redefining \% on input line 1809.


Package fancyhdr Warning: \headheight is too small (12.0pt): 
(fancyhdr)                Make it at least 15.56668pt, for example:
(fancyhdr)                \setlength{\headheight}{15.56668pt}.
(fancyhdr)                You might also make \topmargin smaller to compensate:

(fancyhdr)                \addtolength{\topmargin}{-3.56668pt}.

[47]
Package epstopdf Info: Source file: <g1ejem2.eps>
(epstopdf)                    date: 2023-09-22 17:45:39
(epstopdf)                    size: 27829 bytes
(epstopdf)             Output file: <g1ejem2-eps-converted-to.pdf>
(epstopdf)                    date: 2023-09-22 17:45:56
(epstopdf)                    size: 10339 bytes
(epstopdf)             Command: <miktex-epstopdf --outfile=g1ejem2-eps-converte
d-to.pdf g1ejem2.eps>
(epstopdf)             \includegraphics on input line 1813.
Package epstopdf Info: Output file is already uptodate.


pdfTeX warning: pdflatex.exe (file ./g1ejem2-eps-converted-to.pdf): PDF inclusi
on: found PDF version <1.7>, but at most version <1.5> allowed
<g1ejem2-eps-converted-to.pdf, id=676, 613.29124pt x 481.8pt>
File: g1ejem2-eps-converted-to.pdf Graphic file (type pdf)
<use g1ejem2-eps-converted-to.pdf>
Package pdftex.def Info: g1ejem2-eps-converted-to.pdf  used on input line 1813.

(pdftex.def)             Requested size: 426.79135pt x 335.28745pt.
LaTeX Info: Redefining \. on input line 1819.
LaTeX Info: Redefining \% on input line 1819.

Package fancyhdr Warning: \headheight is too small (12.0pt): 
(fancyhdr)                Make it at least 15.56668pt, for example:
(fancyhdr)                \setlength{\headheight}{15.56668pt}.
(fancyhdr)                You might also make \topmargin smaller to compensate:

(fancyhdr)                \addtolength{\topmargin}{-3.56668pt}.

[48 <./g1ejem2-eps-converted-to.pdf>] (Ejemplo_3.m) (cwejem3.m
LaTeX Font Info:    Font shape `OT1/cmtt/bx/n' in size <12> not available
(Font)              Font shape `OT1/cmtt/m/n' tried instead on input line 5.
)
LaTeX Info: Redefining \. on input line 1827.
LaTeX Info: Redefining \% on input line 1827.


Package fancyhdr Warning: \headheight is too small (12.0pt): 
(fancyhdr)                Make it at least 15.56668pt, for example:
(fancyhdr)                \setlength{\headheight}{15.56668pt}.
(fancyhdr)                You might also make \topmargin smaller to compensate:

(fancyhdr)                \addtolength{\topmargin}{-3.56668pt}.

[49] (fsolvepoinca.m) (semipoincay1y0.m)
LaTeX Info: Redefining \. on input line 1840.
LaTeX Info: Redefining \% on input line 1840.


Package fancyhdr Warning: \headheight is too small (12.0pt): 
(fancyhdr)                Make it at least 15.56668pt, for example:
(fancyhdr)                \setlength{\headheight}{15.56668pt}.
(fancyhdr)                You might also make \topmargin smaller to compensate:

(fancyhdr)                \addtolength{\topmargin}{-3.56668pt}.

[50]
<clejemplo.jpg, id=751, 808.9422pt x 556.479pt>
File: clejemplo.jpg Graphic file (type jpg)
<use clejemplo.jpg>
Package pdftex.def Info: clejemplo.jpg  used on input line 1861.
(pdftex.def)             Requested size: 426.79135pt x 293.59087pt.
LaTeX Info: Redefining \. on input line 1866.
LaTeX Info: Redefining \% on input line 1866.


Package fancyhdr Warning: \headheight is too small (12.0pt): 
(fancyhdr)                Make it at least 15.56668pt, for example:
(fancyhdr)                \setlength{\headheight}{15.56668pt}.
(fancyhdr)                You might also make \topmargin smaller to compensate:

(fancyhdr)                \addtolength{\topmargin}{-3.56668pt}.

[51 <./clejemplo.jpg>]
Cap\'{\i }tulo 5.
[52

]
LaTeX Info: Redefining \. on input line 1913.
LaTeX Info: Redefining \% on input line 1913.


Package fancyhdr Warning: \headheight is too small (12.0pt): 
(fancyhdr)                Make it at least 15.56668pt, for example:
(fancyhdr)                \setlength{\headheight}{15.56668pt}.
(fancyhdr)                You might also make \topmargin smaller to compensate:

(fancyhdr)                \addtolength{\topmargin}{-3.56668pt}.

[53]
<punto.jpg, id=771, 1004.75375pt x 732.7375pt>
File: punto.jpg Graphic file (type jpg)
<use punto.jpg>
Package pdftex.def Info: punto.jpg  used on input line 1921.
(pdftex.def)             Requested size: 426.79135pt x 311.23602pt.
LaTeX Info: Redefining \. on input line 1927.
LaTeX Info: Redefining \% on input line 1927.


Package fancyhdr Warning: \headheight is too small (12.0pt): 
(fancyhdr)                Make it at least 15.56668pt, for example:
(fancyhdr)                \setlength{\headheight}{15.56668pt}.
(fancyhdr)                You might also make \topmargin smaller to compensate:

(fancyhdr)                \addtolength{\topmargin}{-3.56668pt}.

[54 <./punto.jpg>]
<puntoR.jpg, id=778, 989.6975pt x 710.655pt>
File: puntoR.jpg Graphic file (type jpg)
<use puntoR.jpg>
Package pdftex.def Info: puntoR.jpg  used on input line 1930.
(pdftex.def)             Requested size: 426.79135pt x 306.45403pt.
LaTeX Info: Redefining \. on input line 1937.
LaTeX Info: Redefining \% on input line 1937.


Package fancyhdr Warning: \headheight is too small (12.0pt): 
(fancyhdr)                Make it at least 15.56668pt, for example:
(fancyhdr)                \setlength{\headheight}{15.56668pt}.
(fancyhdr)                You might also make \topmargin smaller to compensate:

(fancyhdr)                \addtolength{\topmargin}{-3.56668pt}.

[55 <./puntoR.jpg>]
LaTeX Info: Redefining \. on input line 1961.
LaTeX Info: Redefining \% on input line 1961.


Package fancyhdr Warning: \headheight is too small (12.0pt): 
(fancyhdr)                Make it at least 15.56668pt, for example:
(fancyhdr)                \setlength{\headheight}{15.56668pt}.
(fancyhdr)                You might also make \topmargin smaller to compensate:

(fancyhdr)                \addtolength{\topmargin}{-3.56668pt}.

[56]
Underfull \hbox (badness 10000) in paragraph at lines 1965--1966

 []


Underfull \hbox (badness 10000) in paragraph at lines 1967--1968

 []

Package epstopdf Info: Source file: <cle.eps>
(epstopdf)                    date: 2023-09-14 00:00:32
(epstopdf)                    size: 461034 bytes
(epstopdf)             Output file: <cle-eps-converted-to.pdf>
(epstopdf)                    date: 2023-09-14 00:00:46
(epstopdf)                    size: 169560 bytes
(epstopdf)             Command: <miktex-epstopdf --outfile=cle-eps-converted-to
.pdf cle.eps>
(epstopdf)             \includegraphics on input line 1973.
Package epstopdf Info: Output file is already uptodate.


pdfTeX warning: pdflatex.exe (file ./cle-eps-converted-to.pdf): PDF inclusion: 
found PDF version <1.7>, but at most version <1.5> allowed
<cle-eps-converted-to.pdf, id=793, 821.0675pt x 378.41376pt>
File: cle-eps-converted-to.pdf Graphic file (type pdf)
<use cle-eps-converted-to.pdf>
Package pdftex.def Info: cle-eps-converted-to.pdf  used on input line 1973.
(pdftex.def)             Requested size: 426.79135pt x 196.69543pt.
LaTeX Info: Redefining \. on input line 1978.
LaTeX Info: Redefining \% on input line 1978.

Package fancyhdr Warning: \headheight is too small (12.0pt): 
(fancyhdr)                Make it at least 15.56668pt, for example:
(fancyhdr)                \setlength{\headheight}{15.56668pt}.
(fancyhdr)                You might also make \topmargin smaller to compensate:

(fancyhdr)                \addtolength{\topmargin}{-3.56668pt}.

[57 <./cle-eps-converted-to.pdf>]
Underfull \hbox (badness 10000) in paragraph at lines 1980--1981

 []

Package epstopdf Info: Source file: <cli.eps>
(epstopdf)                    date: 2023-09-14 00:01:48
(epstopdf)                    size: 300750 bytes
(epstopdf)             Output file: <cli-eps-converted-to.pdf>
(epstopdf)                    date: 2023-09-14 00:01:57
(epstopdf)                    size: 102526 bytes
(epstopdf)             Command: <miktex-epstopdf --outfile=cli-eps-converted-to
.pdf cli.eps>
(epstopdf)             \includegraphics on input line 1986.
Package epstopdf Info: Output file is already uptodate.


pdfTeX warning: pdflatex.exe (file ./cli-eps-converted-to.pdf): PDF inclusion: 
found PDF version <1.7>, but at most version <1.5> allowed
<cli-eps-converted-to.pdf, id=804, 821.0675pt x 378.41376pt>
File: cli-eps-converted-to.pdf Graphic file (type pdf)
<use cli-eps-converted-to.pdf>
Package pdftex.def Info: cli-eps-converted-to.pdf  used on input line 1986.
(pdftex.def)             Requested size: 426.79135pt x 196.69543pt.

Underfull \hbox (badness 10000) in paragraph at lines 1991--1992

 []

Package epstopdf Info: Source file: <clpe.eps>
(epstopdf)                    date: 2023-09-14 00:03:15
(epstopdf)                    size: 382542 bytes
(epstopdf)             Output file: <clpe-eps-converted-to.pdf>
(epstopdf)                    date: 2023-09-14 00:03:29
(epstopdf)                    size: 138090 bytes
(epstopdf)             Command: <miktex-epstopdf --outfile=clpe-eps-converted-t
o.pdf clpe.eps>
(epstopdf)             \includegraphics on input line 1997.
Package epstopdf Info: Output file is already uptodate.


pdfTeX warning: pdflatex.exe (file ./clpe-eps-converted-to.pdf): PDF inclusion:
 found PDF version <1.7>, but at most version <1.5> allowed
<clpe-eps-converted-to.pdf, id=805, 821.0675pt x 378.41376pt>
File: clpe-eps-converted-to.pdf Graphic file (type pdf)
<use clpe-eps-converted-to.pdf>
Package pdftex.def Info: clpe-eps-converted-to.pdf  used on input line 1997.
(pdftex.def)             Requested size: 426.79135pt x 196.69543pt.
LaTeX Info: Redefining \. on input line 2001.
LaTeX Info: Redefining \% on input line 2001.

Package fancyhdr Warning: \headheight is too small (12.0pt): 
(fancyhdr)                Make it at least 15.56668pt, for example:
(fancyhdr)                \setlength{\headheight}{15.56668pt}.
(fancyhdr)                You might also make \topmargin smaller to compensate:

(fancyhdr)                \addtolength{\topmargin}{-3.56668pt}.

[58 <./cli-eps-converted-to.pdf> <./clpe-eps-converted-to.pdf>]
LaTeX Info: Redefining \. on input line 2005.
LaTeX Info: Redefining \% on input line 2005.


Package fancyhdr Warning: \headheight is too small (12.0pt): 
(fancyhdr)                Make it at least 15.56668pt, for example:
(fancyhdr)                \setlength{\headheight}{15.56668pt}.
(fancyhdr)                You might also make \topmargin smaller to compensate:

(fancyhdr)                \addtolength{\topmargin}{-3.56668pt}.

[59]

Package hyperref Warning: Token not allowed in a PDF string (Unicode):
(hyperref)                removing `\\' on input line 2007.

LaTeX Info: Redefining \. on input line 2011.
LaTeX Info: Redefining \% on input line 2011.

Package fancyhdr Warning: \headheight is too small (12.0pt): 
(fancyhdr)                Make it at least 15.56668pt, for example:
(fancyhdr)                \setlength{\headheight}{15.56668pt}.
(fancyhdr)                You might also make \topmargin smaller to compensate:

(fancyhdr)                \addtolength{\topmargin}{-3.56668pt}.

[60]
LaTeX Info: Redefining \. on input line 2036.
LaTeX Info: Redefining \% on input line 2036.


Package fancyhdr Warning: \headheight is too small (12.0pt): 
(fancyhdr)                Make it at least 15.56668pt, for example:
(fancyhdr)                \setlength{\headheight}{15.56668pt}.
(fancyhdr)                You might also make \topmargin smaller to compensate:

(fancyhdr)                \addtolength{\topmargin}{-3.56668pt}.

[61]
<foco3.jpg, id=857, 1204.5pt x 1003.75pt>
File: foco3.jpg Graphic file (type jpg)
<use foco3.jpg>
Package pdftex.def Info: foco3.jpg  used on input line 2040.
(pdftex.def)             Requested size: 426.79135pt x 355.6675pt.
LaTeX Info: Redefining \. on input line 2045.
LaTeX Info: Redefining \% on input line 2045.


Package fancyhdr Warning: \headheight is too small (12.0pt): 
(fancyhdr)                Make it at least 15.56668pt, for example:
(fancyhdr)                \setlength{\headheight}{15.56668pt}.
(fancyhdr)                You might also make \topmargin smaller to compensate:

(fancyhdr)                \addtolength{\topmargin}{-3.56668pt}.

[62 <./foco3.jpg>]
<centro2.jpg, id=863, 1204.5pt x 1003.75pt>
File: centro2.jpg Graphic file (type jpg)
<use centro2.jpg>
Package pdftex.def Info: centro2.jpg  used on input line 2049.
(pdftex.def)             Requested size: 426.79135pt x 355.6675pt.
LaTeX Info: Redefining \. on input line 2054.
LaTeX Info: Redefining \% on input line 2054.


Package fancyhdr Warning: \headheight is too small (12.0pt): 
(fancyhdr)                Make it at least 15.56668pt, for example:
(fancyhdr)                \setlength{\headheight}{15.56668pt}.
(fancyhdr)                You might also make \topmargin smaller to compensate:

(fancyhdr)                \addtolength{\topmargin}{-3.56668pt}.

[63 <./centro2.jpg>]
<ciclolimite3.jpg, id=868, 1204.5pt x 1003.75pt>
File: ciclolimite3.jpg Graphic file (type jpg)
<use ciclolimite3.jpg>
Package pdftex.def Info: ciclolimite3.jpg  used on input line 2058.
(pdftex.def)             Requested size: 426.79135pt x 355.6675pt.
LaTeX Info: Redefining \. on input line 2063.
LaTeX Info: Redefining \% on input line 2063.


Package fancyhdr Warning: \headheight is too small (12.0pt): 
(fancyhdr)                Make it at least 15.56668pt, for example:
(fancyhdr)                \setlength{\headheight}{15.56668pt}.
(fancyhdr)                You might also make \topmargin smaller to compensate:

(fancyhdr)                \addtolength{\topmargin}{-3.56668pt}.

[64 <./ciclolimite3.jpg>]
Overfull \hbox (55.71674pt too wide) in paragraph at lines 2100--2101
[]\OT1/cmr/m/n/12 Recordemos del Teo-re-ma [][]5.1[][] que son son cons-tan-tes
 en nues-tro sis-te-ma $\OML/cmm/m/it/12 D[]; D[]; a; k[]; k[]; T[]$\OT1/cmr/m/
n/12 ,
 []

LaTeX Info: Redefining \. on input line 2129.
LaTeX Info: Redefining \% on input line 2129.

Package fancyhdr Warning: \headheight is too small (12.0pt): 
(fancyhdr)                Make it at least 15.56668pt, for example:
(fancyhdr)                \setlength{\headheight}{15.56668pt}.
(fancyhdr)                You might also make \topmargin smaller to compensate:

(fancyhdr)                \addtolength{\topmargin}{-3.56668pt}.

[65]
LaTeX Info: Redefining \. on input line 2176.
LaTeX Info: Redefining \% on input line 2176.


Package fancyhdr Warning: \headheight is too small (12.0pt): 
(fancyhdr)                Make it at least 15.56668pt, for example:
(fancyhdr)                \setlength{\headheight}{15.56668pt}.
(fancyhdr)                You might also make \topmargin smaller to compensate:

(fancyhdr)                \addtolength{\topmargin}{-3.56668pt}.

[66]
LaTeX Info: Redefining \. on input line 2221.
LaTeX Info: Redefining \% on input line 2221.


Package fancyhdr Warning: \headheight is too small (12.0pt): 
(fancyhdr)                Make it at least 15.56668pt, for example:
(fancyhdr)                \setlength{\headheight}{15.56668pt}.
(fancyhdr)                You might also make \topmargin smaller to compensate:

(fancyhdr)                \addtolength{\topmargin}{-3.56668pt}.

[67]
Cap\'{\i }tulo 6.
[68

]
Overfull \hbox (20.6246pt too wide) detected at line 2347
[][][][][]
 []

LaTeX Info: Redefining \. on input line 2349.
LaTeX Info: Redefining \% on input line 2349.

Package fancyhdr Warning: \headheight is too small (12.0pt): 
(fancyhdr)                Make it at least 15.56668pt, for example:
(fancyhdr)                \setlength{\headheight}{15.56668pt}.
(fancyhdr)                You might also make \topmargin smaller to compensate:

(fancyhdr)                \addtolength{\topmargin}{-3.56668pt}.

[69]
LaTeX Info: Redefining \. on input line 2366.
LaTeX Info: Redefining \% on input line 2366.


Package fancyhdr Warning: \headheight is too small (12.0pt): 
(fancyhdr)                Make it at least 15.56668pt, for example:
(fancyhdr)                \setlength{\headheight}{15.56668pt}.
(fancyhdr)                You might also make \topmargin smaller to compensate:

(fancyhdr)                \addtolength{\topmargin}{-3.56668pt}.

[70]
LaTeX Info: Redefining \. on input line 2416.
LaTeX Info: Redefining \% on input line 2416.


Package fancyhdr Warning: \headheight is too small (12.0pt): 
(fancyhdr)                Make it at least 15.56668pt, for example:
(fancyhdr)                \setlength{\headheight}{15.56668pt}.
(fancyhdr)                You might also make \topmargin smaller to compensate:

(fancyhdr)                \addtolength{\topmargin}{-3.56668pt}.

[71]
LaTeX Info: Redefining \. on input line 2469.
LaTeX Info: Redefining \% on input line 2469.


Package fancyhdr Warning: \headheight is too small (12.0pt): 
(fancyhdr)                Make it at least 15.56668pt, for example:
(fancyhdr)                \setlength{\headheight}{15.56668pt}.
(fancyhdr)                You might also make \topmargin smaller to compensate:

(fancyhdr)                \addtolength{\topmargin}{-3.56668pt}.

[72]
LaTeX Info: Redefining \. on input line 2488.
LaTeX Info: Redefining \% on input line 2488.


Package fancyhdr Warning: \headheight is too small (12.0pt): 
(fancyhdr)                Make it at least 15.56668pt, for example:
(fancyhdr)                \setlength{\headheight}{15.56668pt}.
(fancyhdr)                You might also make \topmargin smaller to compensate:

(fancyhdr)                \addtolength{\topmargin}{-3.56668pt}.

[73] (Ejemplo_4.m)
LaTeX Info: Redefining \. on input line 2492.
LaTeX Info: Redefining \% on input line 2492.


Package fancyhdr Warning: \headheight is too small (12.0pt): 
(fancyhdr)                Make it at least 15.56668pt, for example:
(fancyhdr)                \setlength{\headheight}{15.56668pt}.
(fancyhdr)                You might also make \topmargin smaller to compensate:

(fancyhdr)                \addtolength{\topmargin}{-3.56668pt}.

[74] (cwejem4.m)
LaTeX Info: Redefining \. on input line 2498.
LaTeX Info: Redefining \% on input line 2498.


Package fancyhdr Warning: \headheight is too small (12.0pt): 
(fancyhdr)                Make it at least 15.56668pt, for example:
(fancyhdr)                \setlength{\headheight}{15.56668pt}.
(fancyhdr)                You might also make \topmargin smaller to compensate:

(fancyhdr)                \addtolength{\topmargin}{-3.56668pt}.

[75]
Package epstopdf Info: Source file: <ejem4.eps>
(epstopdf)                    date: 2023-09-22 16:34:22
(epstopdf)                    size: 44641 bytes
(epstopdf)             Output file: <ejem4-eps-converted-to.pdf>
(epstopdf)                    date: 2023-09-22 16:34:27
(epstopdf)                    size: 12284 bytes
(epstopdf)             Command: <miktex-epstopdf --outfile=ejem4-eps-converted-
to.pdf ejem4.eps>
(epstopdf)             \includegraphics on input line 2502.
Package epstopdf Info: Output file is already uptodate.


pdfTeX warning: pdflatex.exe (file ./ejem4-eps-converted-to.pdf): PDF inclusion
: found PDF version <1.7>, but at most version <1.5> allowed
<ejem4-eps-converted-to.pdf, id=1078, 520.94624pt x 610.28pt>
File: ejem4-eps-converted-to.pdf Graphic file (type pdf)
<use ejem4-eps-converted-to.pdf>
Package pdftex.def Info: ejem4-eps-converted-to.pdf  used on input line 2502.
(pdftex.def)             Requested size: 426.79135pt x 499.98586pt.
LaTeX Info: Redefining \. on input line 2509.
LaTeX Info: Redefining \% on input line 2509.

Package fancyhdr Warning: \headheight is too small (12.0pt): 
(fancyhdr)                Make it at least 15.56668pt, for example:
(fancyhdr)                \setlength{\headheight}{15.56668pt}.
(fancyhdr)                You might also make \topmargin smaller to compensate:

(fancyhdr)                \addtolength{\topmargin}{-3.56668pt}.

[76 <./ejem4-eps-converted-to.pdf>] (Ejemplo_5.m)
LaTeX Info: Redefining \. on input line 2513.
LaTeX Info: Redefining \% on input line 2513.


Package fancyhdr Warning: \headheight is too small (12.0pt): 
(fancyhdr)                Make it at least 15.56668pt, for example:
(fancyhdr)                \setlength{\headheight}{15.56668pt}.
(fancyhdr)                You might also make \topmargin smaller to compensate:

(fancyhdr)                \addtolength{\topmargin}{-3.56668pt}.

[77]
Package epstopdf Info: Source file: <ry1ry0.eps>
(epstopdf)                    date: 2023-09-22 16:39:11
(epstopdf)                    size: 21374 bytes
(epstopdf)             Output file: <ry1ry0-eps-converted-to.pdf>
(epstopdf)                    date: 2023-09-22 16:39:18
(epstopdf)                    size: 6296 bytes
(epstopdf)             Command: <miktex-epstopdf --outfile=ry1ry0-eps-converted
-to.pdf ry1ry0.eps>
(epstopdf)             \includegraphics on input line 2517.
Package epstopdf Info: Output file is already uptodate.


pdfTeX warning: pdflatex.exe (file ./ry1ry0-eps-converted-to.pdf): PDF inclusio
n: found PDF version <1.7>, but at most version <1.5> allowed
<ry1ry0-eps-converted-to.pdf, id=1124, 498.86375pt x 487.8225pt>
File: ry1ry0-eps-converted-to.pdf Graphic file (type pdf)
<use ry1ry0-eps-converted-to.pdf>
Package pdftex.def Info: ry1ry0-eps-converted-to.pdf  used on input line 2517.
(pdftex.def)             Requested size: 426.79135pt x 417.36053pt.
LaTeX Info: Redefining \. on input line 2524.
LaTeX Info: Redefining \% on input line 2524.

Package fancyhdr Warning: \headheight is too small (12.0pt): 
(fancyhdr)                Make it at least 15.56668pt, for example:
(fancyhdr)                \setlength{\headheight}{15.56668pt}.
(fancyhdr)                You might also make \topmargin smaller to compensate:

(fancyhdr)                \addtolength{\topmargin}{-3.56668pt}.

[78 <./ry1ry0-eps-converted-to.pdf>]
Overfull \hbox (1.80882pt too wide) in paragraph at lines 2541--2542
[]\OT1/cmr/m/n/12 Siendo $\OML/cmm/m/it/12 t[]; t[]; d[]; d[]$ \OT1/cmr/m/n/12 
los vis-tos en [][][]\OT1/cmr/m/it/12 (6.7[])[][][]\OT1/cmr/m/n/12 , los cua-le
s en si-guien-te c^^Sodi-go en MATLAB
 []

Package epstopdf Info: Source file: <r0.7.eps>
(epstopdf)                    date: 2023-09-22 11:47:04
(epstopdf)                    size: 444821 bytes
(epstopdf)             Output file: <r0.7-eps-converted-to.pdf>
(epstopdf)                    date: 2023-09-22 11:48:58
(epstopdf)                    size: 163517 bytes
(epstopdf)             Command: <miktex-epstopdf --outfile=r0.7-eps-converted-t
o.pdf r0.7.eps>
(epstopdf)             \includegraphics on input line 2545.
Package epstopdf Info: Output file is already uptodate.


pdfTeX warning: pdflatex.exe (file ./r0.7-eps-converted-to.pdf): PDF inclusion:
 found PDF version <1.7>, but at most version <1.5> allowed
<r0.7-eps-converted-to.pdf, id=1140, 821.0675pt x 378.41376pt>
File: r0.7-eps-converted-to.pdf Graphic file (type pdf)
<use r0.7-eps-converted-to.pdf>
Package pdftex.def Info: r0.7-eps-converted-to.pdf  used on input line 2545.
(pdftex.def)             Requested size: 426.79135pt x 196.69543pt.
Package epstopdf Info: Source file: <r1.eps>
(epstopdf)                    date: 2023-09-22 11:47:22
(epstopdf)                    size: 730116 bytes
(epstopdf)             Output file: <r1-eps-converted-to.pdf>
(epstopdf)                    date: 2023-09-22 11:48:59
(epstopdf)                    size: 271475 bytes
(epstopdf)             Command: <miktex-epstopdf --outfile=r1-eps-converted-to.
pdf r1.eps>
(epstopdf)             \includegraphics on input line 2551.
Package epstopdf Info: Output file is already uptodate.


pdfTeX warning: pdflatex.exe (file ./r1-eps-converted-to.pdf): PDF inclusion: f
ound PDF version <1.7>, but at most version <1.5> allowed
<r1-eps-converted-to.pdf, id=1141, 821.0675pt x 378.41376pt>
File: r1-eps-converted-to.pdf Graphic file (type pdf)
<use r1-eps-converted-to.pdf>
Package pdftex.def Info: r1-eps-converted-to.pdf  used on input line 2551.
(pdftex.def)             Requested size: 426.79135pt x 196.69543pt.
LaTeX Info: Redefining \. on input line 2556.
LaTeX Info: Redefining \% on input line 2556.

Package fancyhdr Warning: \headheight is too small (12.0pt): 
(fancyhdr)                Make it at least 15.56668pt, for example:
(fancyhdr)                \setlength{\headheight}{15.56668pt}.
(fancyhdr)                You might also make \topmargin smaller to compensate:

(fancyhdr)                \addtolength{\topmargin}{-3.56668pt}.

[79 <./r0.7-eps-converted-to.pdf> <./r1-eps-converted-to.pdf>]
Package epstopdf Info: Source file: <r1.3.eps>
(epstopdf)                    date: 2023-09-22 11:47:36
(epstopdf)                    size: 587953 bytes
(epstopdf)             Output file: <r1.3-eps-converted-to.pdf>
(epstopdf)                    date: 2023-09-22 11:51:05
(epstopdf)                    size: 220022 bytes
(epstopdf)             Command: <miktex-epstopdf --outfile=r1.3-eps-converted-t
o.pdf r1.3.eps>
(epstopdf)             \includegraphics on input line 2560.
Package epstopdf Info: Output file is already uptodate.


pdfTeX warning: pdflatex.exe (file ./r1.3-eps-converted-to.pdf): PDF inclusion:
 found PDF version <1.7>, but at most version <1.5> allowed
<r1.3-eps-converted-to.pdf, id=1159, 821.0675pt x 378.41376pt>
File: r1.3-eps-converted-to.pdf Graphic file (type pdf)
<use r1.3-eps-converted-to.pdf>
Package pdftex.def Info: r1.3-eps-converted-to.pdf  used on input line 2560.
(pdftex.def)             Requested size: 426.79135pt x 196.69543pt.
LaTeX Info: Redefining \. on input line 2569.
LaTeX Info: Redefining \% on input line 2569.

Package fancyhdr Warning: \headheight is too small (12.0pt): 
(fancyhdr)                Make it at least 15.56668pt, for example:
(fancyhdr)                \setlength{\headheight}{15.56668pt}.
(fancyhdr)                You might also make \topmargin smaller to compensate:

(fancyhdr)                \addtolength{\topmargin}{-3.56668pt}.

[80 <./r1.3-eps-converted-to.pdf>] (Ejemplo_6.m) (sistema.m) (EF.m)
LaTeX Info: Redefining \. on input line 2577.
LaTeX Info: Redefining \% on input line 2577.


Package fancyhdr Warning: \headheight is too small (12.0pt): 
(fancyhdr)                Make it at least 15.56668pt, for example:
(fancyhdr)                \setlength{\headheight}{15.56668pt}.
(fancyhdr)                You might also make \topmargin smaller to compensate:

(fancyhdr)                \addtolength{\topmargin}{-3.56668pt}.

[81] (cw1ejem6.m)
LaTeX Info: Redefining \. on input line 2587.
LaTeX Info: Redefining \% on input line 2587.


Package fancyhdr Warning: \headheight is too small (12.0pt): 
(fancyhdr)                Make it at least 15.56668pt, for example:
(fancyhdr)                \setlength{\headheight}{15.56668pt}.
(fancyhdr)                You might also make \topmargin smaller to compensate:

(fancyhdr)                \addtolength{\topmargin}{-3.56668pt}.

[82] (cw2ejem6.m)
LaTeX Info: Redefining \. on input line 2597.
LaTeX Info: Redefining \% on input line 2597.


Package fancyhdr Warning: \headheight is too small (12.0pt): 
(fancyhdr)                Make it at least 15.56668pt, for example:
(fancyhdr)                \setlength{\headheight}{15.56668pt}.
(fancyhdr)                You might also make \topmargin smaller to compensate:

(fancyhdr)                \addtolength{\topmargin}{-3.56668pt}.

[83]
Package epstopdf Info: Source file: <g1ejem6.eps>
(epstopdf)                    date: 2023-09-22 16:48:18
(epstopdf)                    size: 106522 bytes
(epstopdf)             Output file: <g1ejem6-eps-converted-to.pdf>
(epstopdf)                    date: 2023-09-22 16:48:22
(epstopdf)                    size: 16451 bytes
(epstopdf)             Command: <miktex-epstopdf --outfile=g1ejem6-eps-converte
d-to.pdf g1ejem6.eps>
(epstopdf)             \includegraphics on input line 2601.
Package epstopdf Info: Output file is already uptodate.


pdfTeX warning: pdflatex.exe (file ./g1ejem6-eps-converted-to.pdf): PDF inclusi
on: found PDF version <1.7>, but at most version <1.5> allowed
<g1ejem6-eps-converted-to.pdf, id=1263, 914.41624pt x 712.6625pt>
File: g1ejem6-eps-converted-to.pdf Graphic file (type pdf)
<use g1ejem6-eps-converted-to.pdf>
Package pdftex.def Info: g1ejem6-eps-converted-to.pdf  used on input line 2601.

(pdftex.def)             Requested size: 426.79135pt x 332.62431pt.
LaTeX Info: Redefining \. on input line 2606.
LaTeX Info: Redefining \% on input line 2606.

Package fancyhdr Warning: \headheight is too small (12.0pt): 
(fancyhdr)                Make it at least 15.56668pt, for example:
(fancyhdr)                \setlength{\headheight}{15.56668pt}.
(fancyhdr)                You might also make \topmargin smaller to compensate:

(fancyhdr)                \addtolength{\topmargin}{-3.56668pt}.

[84 <./g1ejem6-eps-converted-to.pdf>]
Package epstopdf Info: Source file: <g2ejem6.eps>
(epstopdf)                    date: 2023-09-22 16:49:51
(epstopdf)                    size: 47506 bytes
(epstopdf)             Output file: <g2ejem6-eps-converted-to.pdf>
(epstopdf)                    date: 2023-09-22 16:51:08
(epstopdf)                    size: 14415 bytes
(epstopdf)             Command: <miktex-epstopdf --outfile=g2ejem6-eps-converte
d-to.pdf g2ejem6.eps>
(epstopdf)             \includegraphics on input line 2610.
Package epstopdf Info: Output file is already uptodate.


pdfTeX warning: pdflatex.exe (file ./g2ejem6-eps-converted-to.pdf): PDF inclusi
on: found PDF version <1.7>, but at most version <1.5> allowed
<g2ejem6-eps-converted-to.pdf, id=1278, 724.7075pt x 595.22375pt>
File: g2ejem6-eps-converted-to.pdf Graphic file (type pdf)
<use g2ejem6-eps-converted-to.pdf>
Package pdftex.def Info: g2ejem6-eps-converted-to.pdf  used on input line 2610.

(pdftex.def)             Requested size: 426.79135pt x 350.54321pt.
LaTeX Info: Redefining \. on input line 2616.
LaTeX Info: Redefining \% on input line 2616.

Package fancyhdr Warning: \headheight is too small (12.0pt): 
(fancyhdr)                Make it at least 15.56668pt, for example:
(fancyhdr)                \setlength{\headheight}{15.56668pt}.
(fancyhdr)                You might also make \topmargin smaller to compensate:

(fancyhdr)                \addtolength{\topmargin}{-3.56668pt}.

[85 <./g2ejem6-eps-converted-to.pdf>]
Package epstopdf Info: Source file: <g3ejem6.eps>
(epstopdf)                    date: 2023-09-22 17:12:04
(epstopdf)                    size: 42746 bytes
(epstopdf)             Output file: <g3ejem6-eps-converted-to.pdf>
(epstopdf)                    date: 2023-09-22 17:12:10
(epstopdf)                    size: 13840 bytes
(epstopdf)             Command: <miktex-epstopdf --outfile=g3ejem6-eps-converte
d-to.pdf g3ejem6.eps>
(epstopdf)             \includegraphics on input line 2620.
Package epstopdf Info: Output file is already uptodate.


pdfTeX warning: pdflatex.exe (file ./g3ejem6-eps-converted-to.pdf): PDF inclusi
on: found PDF version <1.7>, but at most version <1.5> allowed
<g3ejem6-eps-converted-to.pdf, id=1292, 685.56125pt x 574.145pt>
File: g3ejem6-eps-converted-to.pdf Graphic file (type pdf)
<use g3ejem6-eps-converted-to.pdf>
Package pdftex.def Info: g3ejem6-eps-converted-to.pdf  used on input line 2620.

(pdftex.def)             Requested size: 426.79135pt x 357.43802pt.
LaTeX Info: Redefining \. on input line 2625.
LaTeX Info: Redefining \% on input line 2625.

Package fancyhdr Warning: \headheight is too small (12.0pt): 
(fancyhdr)                Make it at least 15.56668pt, for example:
(fancyhdr)                \setlength{\headheight}{15.56668pt}.
(fancyhdr)                You might also make \topmargin smaller to compensate:

(fancyhdr)                \addtolength{\topmargin}{-3.56668pt}.

[86 <./g3ejem6-eps-converted-to.pdf>] [87

]
Underfull \hbox (badness 1728) in paragraph at lines 2666--2668
[]\OT1/cmr/m/n/12 Victoriano Car-mo-na, Fer-nan-do Fern^^Sandez-S^^Sanchez, In-
te-gral cha-rac-te-ri-za-
 []


Underfull \hbox (badness 1048) in paragraph at lines 2666--2668
\OT1/cmr/m/n/12 tial Equa-tions, Vo-lu-me 305, 2021, Pa-ges 319-346, ISSN 0022-
0396, doi:
 []

[88

]
Underfull \hbox (badness 2205) in paragraph at lines 2673--2674
\OT1/cmr/m/n/12 plex Analy-sis, Bd. I, 682 S., New York-London-Sydney-Toronto. 
John
 []


Underfull \hbox (badness 1342) in paragraph at lines 2673--2674
\OT1/cmr/m/n/12 Wi-ley & sons. 1974. \TS1/cmr/m/n/12  \OT1/cmr/m/n/12 13,50 ..
 Z. an-gew. Math. Mech., 57: 352-352.
 []

LaTeX Info: Redefining \. on input line 2677.
LaTeX Info: Redefining \% on input line 2677.

Package fancyhdr Warning: \headheight is too small (12.0pt): 
(fancyhdr)                Make it at least 15.56668pt, for example:
(fancyhdr)                \setlength{\headheight}{15.56668pt}.
(fancyhdr)                You might also make \topmargin smaller to compensate:

(fancyhdr)                \addtolength{\topmargin}{-3.56668pt}.

[89] (main.aux
LaTeX Info: Redefining \. on input line 22.
LaTeX Info: Redefining \% on input line 22.
)
 ***********
LaTeX2e <2023-06-01> patch level 1
L3 programming layer <2023-06-16>
 ***********
Package rerunfilecheck Info: File `main.out' has not changed.
(rerunfilecheck)             Checksum: F8183EEBC97EB0794EB8D9BAFE0B7C61;3216.
 ) 
Here is how much of TeX's memory you used:
 19353 strings out of 476037
 305802 string characters out of 5789655
 2252763 words of memory out of 5000000
 39202 multiletter control sequences out of 15000+600000
 526467 words of font info for 79 fonts, out of 8000000 for 9000
 1141 hyphenation exceptions out of 8191
 79i,19n,93p,1739b,1606s stack positions out of 10000i,1000n,20000p,200000b,200000s
 <C:\Users\Usuario\AppData\Local\MiKTeX\fonts/pk/ljfour/jknappen/ec/dpi600\tc
rm1440.pk> <C:\Users\Usuario\AppData\Local\MiKTeX\fonts/pk/ljfour/jknappen/ec/d
pi600\tcrm1200.pk> <C:\Users\Usuario\AppData\Local\MiKTeX\fonts/pk/ljfour/jknap
pen/ec/dpi600\tctt1200.pk> <C:\Users\Usuario\AppData\Local\MiKTeX\fonts/pk/ljfo
ur/jknappen/ec/dpi600\tcrm1728.pk><C:/Program Files/MiKTeX/fonts/type1/public/a
msfonts/cm/cmbsy10.pfb><C:/Program Files/MiKTeX/fonts/type1/public/amsfonts/cm/
cmbx12.pfb><C:/Program Files/MiKTeX/fonts/type1/public/amsfonts/cm/cmbx8.pfb><C
:/Program Files/MiKTeX/fonts/type1/public/amsfonts/cm/cmbxti10.pfb><C:/Program 
Files/MiKTeX/fonts/type1/public/amsfonts/cm/cmex10.pfb><C:/Program Files/MiKTeX
/fonts/type1/public/amsfonts/cm/cmmi12.pfb><C:/Program Files/MiKTeX/fonts/type1
/public/amsfonts/cm/cmmi6.pfb><C:/Program Files/MiKTeX/fonts/type1/public/amsfo
nts/cm/cmmi8.pfb><C:/Program Files/MiKTeX/fonts/type1/public/amsfonts/cm/cmmib1
0.pfb><C:/Program Files/MiKTeX/fonts/type1/public/amsfonts/cmextra/cmmib8.pfb><
C:/Program Files/MiKTeX/fonts/type1/public/amsfonts/cm/cmr12.pfb><C:/Program Fi
les/MiKTeX/fonts/type1/public/amsfonts/cm/cmr17.pfb><C:/Program Files/MiKTeX/fo
nts/type1/public/amsfonts/cm/cmr6.pfb><C:/Program Files/MiKTeX/fonts/type1/publ
ic/amsfonts/cm/cmr8.pfb><C:/Program Files/MiKTeX/fonts/type1/public/amsfonts/cm
/cmsl12.pfb><C:/Program Files/MiKTeX/fonts/type1/public/amsfonts/cm/cmsy10.pfb>
<C:/Program Files/MiKTeX/fonts/type1/public/amsfonts/cm/cmsy8.pfb><C:/Program F
iles/MiKTeX/fonts/type1/public/amsfonts/cm/cmti12.pfb><C:/Program Files/MiKTeX/
fonts/type1/public/amsfonts/cm/cmtt12.pfb><C:/Program Files/MiKTeX/fonts/type1/
public/amsfonts/symbols/msam10.pfb><C:/Program Files/MiKTeX/fonts/type1/public/
amsfonts/symbols/msbm10.pfb>
Output written on main.pdf (90 pages, 9852194 bytes).
PDF statistics:
 1550 PDF objects out of 1728 (max. 8388607)
 586 named destinations out of 1000 (max. 500000)
 329 words of extra memory for PDF output out of 10000 (max. 10000000)

